<?xml version="1.0" encoding="UTF-8"?>
<!-- Generated by org.testng.reporters.JUnitXMLReporter -->
<testsuite ignored="0" hostname="WS-LV-CP1379" failures="0" tests="7" name="Firefox tests" time="6.759" errors="0" timestamp="2020-02-18T15:41:55 EET">
  <testcase classname="ua.rabota.TestLogin" name="@BeforeClass setUp" time="6.749">
    <failure type="org.openqa.selenium.WebDriverException" message="newSession
Build info: version: &amp;apos;3.141.59&amp;apos;, revision: &amp;apos;e82be7d358&amp;apos;, time: &amp;apos;2018-11-14T08:17:03&amp;apos;
System info: host: &amp;apos;WS-LV-CP1379&amp;apos;, ip: &amp;apos;172.25.12.123&amp;apos;, os.name: &amp;apos;Windows 10&amp;apos;, os.arch: &amp;apos;amd64&amp;apos;, os.version: &amp;apos;10.0&amp;apos;, java.version: &amp;apos;13.0.2&amp;apos;
Driver info: driver.version: FirefoxDriver
remote stacktrace: stack backtrace:
   0:   0x49dbf6 - &amp;lt;no info&amp;gt;
   1:   0x435fd7 - &amp;lt;no info&amp;gt;
   2:   0x442e70 - &amp;lt;no info&amp;gt;
   3:   0x440e95 - &amp;lt;no info&amp;gt;
   4:   0x41bb48 - &amp;lt;no info&amp;gt;
   5:   0x404309 - &amp;lt;no info&amp;gt;
   6:   0x4066b7 - &amp;lt;no info&amp;gt;
   7:   0x687086 - &amp;lt;no info&amp;gt;
   8:   0x413b48 - &amp;lt;no info&amp;gt;
   9:   0x6823d1 - &amp;lt;no info&amp;gt;
  10: 0x752f6359 - BaseThreadInitThunk
  11: 0x771c7b74 - RtlGetAppContainerNamedObjectPath">
      <![CDATA[org.openqa.selenium.WebDriverException: newSession
Build info: version: '3.141.59', revision: 'e82be7d358', time: '2018-11-14T08:17:03'
System info: host: 'WS-LV-CP1379', ip: '172.25.12.123', os.name: 'Windows 10', os.arch: 'amd64', os.version: '10.0', java.version: '13.0.2'
Driver info: driver.version: FirefoxDriver
remote stacktrace: stack backtrace:
   0:   0x49dbf6 - <no info>
   1:   0x435fd7 - <no info>
   2:   0x442e70 - <no info>
   3:   0x440e95 - <no info>
   4:   0x41bb48 - <no info>
   5:   0x404309 - <no info>
   6:   0x4066b7 - <no info>
   7:   0x687086 - <no info>
   8:   0x413b48 - <no info>
   9:   0x6823d1 - <no info>
  10: 0x752f6359 - BaseThreadInitThunk
  11: 0x771c7b74 - RtlGetAppContainerNamedObjectPath
at org.openqa.selenium.remote.W3CHandshakeResponse.lambda$errorHandler$0(W3CHandshakeResponse.java:62)
at org.openqa.selenium.remote.HandshakeResponse.lambda$getResponseFunction$0(HandshakeResponse.java:30)
at org.openqa.selenium.remote.ProtocolHandshake.lambda$createSession$0(ProtocolHandshake.java:126)
at java.base/java.util.stream.ReferencePipeline$3$1.accept(ReferencePipeline.java:195)
at java.base/java.util.Spliterators$ArraySpliterator.tryAdvance(Spliterators.java:958)
at java.base/java.util.stream.ReferencePipeline.forEachWithCancel(ReferencePipeline.java:127)
at java.base/java.util.stream.AbstractPipeline.copyIntoWithCancel(AbstractPipeline.java:502)
at java.base/java.util.stream.AbstractPipeline.copyInto(AbstractPipeline.java:488)
at java.base/java.util.stream.AbstractPipeline.wrapAndCopyInto(AbstractPipeline.java:474)
at java.base/java.util.stream.FindOps$FindOp.evaluateSequential(FindOps.java:150)
at java.base/java.util.stream.AbstractPipeline.evaluate(AbstractPipeline.java:234)
at java.base/java.util.stream.ReferencePipeline.findFirst(ReferencePipeline.java:543)
at org.openqa.selenium.remote.ProtocolHandshake.createSession(ProtocolHandshake.java:128)
at org.openqa.selenium.remote.ProtocolHandshake.createSession(ProtocolHandshake.java:74)
at org.openqa.selenium.remote.HttpCommandExecutor.execute(HttpCommandExecutor.java:136)
at org.openqa.selenium.remote.service.DriverCommandExecutor.execute(DriverCommandExecutor.java:83)
at org.openqa.selenium.remote.RemoteWebDriver.execute(RemoteWebDriver.java:552)
at org.openqa.selenium.remote.RemoteWebDriver.startSession(RemoteWebDriver.java:213)
at org.openqa.selenium.remote.RemoteWebDriver.<init>(RemoteWebDriver.java:131)
at org.openqa.selenium.firefox.FirefoxDriver.<init>(FirefoxDriver.java:147)
at org.openqa.selenium.firefox.FirefoxDriver.<init>(FirefoxDriver.java:125)
at ua.rabota.SingletonWB.getInstance(SingletonWB.java:19)
at ua.rabota.TestLogin.setUp(TestLogin.java:35)
at java.base/java.util.ArrayList.forEach(ArrayList.java:1507)
... Removed 35 stack frames]]>
    </failure>
  </testcase> <!-- @BeforeClass setUp -->
  <testcase classname="ua.rabota.TestLogin" name="@AfterMethod takeScreenshot" time="0.001">
    <failure type="java.lang.NullPointerException">
      <![CDATA[java.lang.NullPointerException
at ua.rabota.TestLogin.takeScreenshot(TestLogin.java:127)
at java.base/java.util.ArrayList.forEach(ArrayList.java:1507)
... Removed 37 stack frames]]>
    </failure>
  </testcase> <!-- @AfterMethod takeScreenshot -->
  <testcase classname="ua.rabota.TestLogin" name="@AfterMethod takeScreenshot" time="0.001">
    <failure type="java.lang.NullPointerException">
      <![CDATA[java.lang.NullPointerException
at ua.rabota.TestLogin.takeScreenshot(TestLogin.java:127)
at java.base/java.util.ArrayList.forEach(ArrayList.java:1507)
... Removed 37 stack frames]]>
    </failure>
  </testcase> <!-- @AfterMethod takeScreenshot -->
  <testcase classname="ua.rabota.TestLogin" name="@AfterMethod takeScreenshot" time="0.001">
    <failure type="java.lang.NullPointerException">
      <![CDATA[java.lang.NullPointerException
at ua.rabota.TestLogin.takeScreenshot(TestLogin.java:127)
at java.base/java.util.ArrayList.forEach(ArrayList.java:1507)
... Removed 37 stack frames]]>
    </failure>
  </testcase> <!-- @AfterMethod takeScreenshot -->
  <testcase classname="ua.rabota.TestLogin" name="@AfterMethod takeScreenshot" time="0.001">
    <failure type="java.lang.NullPointerException">
      <![CDATA[java.lang.NullPointerException
at ua.rabota.TestLogin.takeScreenshot(TestLogin.java:127)
at java.base/java.util.ArrayList.forEach(ArrayList.java:1507)
... Removed 37 stack frames]]>
    </failure>
  </testcase> <!-- @AfterMethod takeScreenshot -->
  <testcase classname="ua.rabota.TestLogin" name="@AfterMethod takeScreenshot" time="0.0">
    <failure type="java.lang.NullPointerException">
      <![CDATA[java.lang.NullPointerException
at ua.rabota.TestLogin.takeScreenshot(TestLogin.java:127)
at java.base/java.util.ArrayList.forEach(ArrayList.java:1507)
... Removed 37 stack frames]]>
    </failure>
  </testcase> <!-- @AfterMethod takeScreenshot -->
  <testcase classname="ua.rabota.TestLogin" name="@AfterMethod takeScreenshot" time="0.0">
    <failure type="java.lang.NullPointerException">
      <![CDATA[java.lang.NullPointerException
at ua.rabota.TestLogin.takeScreenshot(TestLogin.java:127)
at java.base/java.util.ArrayList.forEach(ArrayList.java:1507)
... Removed 37 stack frames]]>
    </failure>
  </testcase> <!-- @AfterMethod takeScreenshot -->
  <testcase classname="ua.rabota.TestLogin" name="@AfterMethod takeScreenshot" time="0.0">
    <failure type="java.lang.NullPointerException">
      <![CDATA[java.lang.NullPointerException
at ua.rabota.TestLogin.takeScreenshot(TestLogin.java:127)
at java.base/java.util.ArrayList.forEach(ArrayList.java:1507)
... Removed 37 stack frames]]>
    </failure>
  </testcase> <!-- @AfterMethod takeScreenshot -->
  <testcase classname="ua.rabota.TestLogin" name="@AfterClass tearDown" time="0.0">
    <failure type="java.lang.NullPointerException">
      <![CDATA[java.lang.NullPointerException
at ua.rabota.SingletonWB.killWD(SingletonWB.java:36)
at ua.rabota.TestLogin.tearDown(TestLogin.java:144)
at java.base/java.util.ArrayList.forEach(ArrayList.java:1507)
... Removed 30 stack frames]]>
    </failure>
  </testcase> <!-- @AfterClass tearDown -->
  <testcase classname="ua.rabota.TestLogin" name="testEmail" time="0.0">
    <skipped/>
  </testcase> <!-- testEmail -->
  <testcase classname="ua.rabota.TestLogin" name="testEmail" time="0.0">
    <skipped/>
  </testcase> <!-- testEmail -->
  <testcase classname="ua.rabota.TestLogin" name="testLoginPositive" time="0.0">
    <skipped/>
  </testcase> <!-- testLoginPositive -->
  <testcase classname="ua.rabota.TestLogin" name="testLoginPositive" time="0.0">
    <skipped/>
  </testcase> <!-- testLoginPositive -->
  <testcase classname="ua.rabota.TestLogin" name="testLog" time="0.0">
    <skipped/>
  </testcase> <!-- testLog -->
  <testcase classname="ua.rabota.TestLogin" name="testCountCV" time="0.0">
    <skipped/>
  </testcase> <!-- testCountCV -->
  <testcase classname="ua.rabota.TestLogin" name="testCountCV" time="0.0">
    <skipped/>
  </testcase> <!-- testCountCV -->
</testsuite> <!-- Firefox tests -->
