<!DOCTYPE html>

<html>
  <head>
  <meta charset='utf-8'>
  <title>TestNG reports</title>

    <link type="text/css" href="testng-reports.css" rel="stylesheet" />
    <script type="text/javascript" src="jquery-3.4.1.min.js"></script>
    <script type="text/javascript" src="testng-reports.js"></script>
    <script type="text/javascript" src="https://www.google.com/jsapi"></script>
    <script type='text/javascript'>
      google.load('visualization', '1', {packages:['table']});
      google.setOnLoadCallback(drawTable);
      var suiteTableInitFunctions = new Array();
      var suiteTableData = new Array();
    </script>
    <!--
      <script type="text/javascript" src="jquery-ui/js/jquery-ui-1.8.16.custom.min.js"></script>
     -->
  </head>

  <body>
    <div class="top-banner-root">
      <span class="top-banner-title-font">Test results</span>
      <br/>
      <span class="top-banner-font-1">3 suites, 7 failed tests</span>
    </div> <!-- top-banner-root -->
    <div class="navigator-root">
      <div class="navigator-suite-header">
        <span>All suites</span>
        <a href="#" title="Collapse/expand all the suites" class="collapse-all-link">
          <img src="collapseall.gif" class="collapse-all-icon">
          </img> <!-- collapse-all-icon -->
        </a> <!-- collapse-all-link -->
      </div> <!-- navigator-suite-header -->
      <div class="suite">
        <div class="rounded-window">
          <div class="suite-header light-rounded-window-top">
            <a href="#" panel-name="suite-Test_suite_for_chrome" class="navigator-link">
              <span class="suite-name border-failed">Test suite for chrome</span>
            </a> <!-- navigator-link -->
          </div> <!-- suite-header light-rounded-window-top -->
          <div class="navigator-suite-content">
            <div class="suite-section-title">
              <span>Info</span>
            </div> <!-- suite-section-title -->
            <div class="suite-section-content">
              <ul>
                <li>
                  <a href="#" panel-name="test-xml-Test_suite_for_chrome" class="navigator-link ">
                    <span>C:\Users\kateryna.rozhanska\IdeaProjects\RabotaUA\src\resources\test_chrome.xml</span>
                  </a> <!-- navigator-link  -->
                </li>
                <li>
                  <a href="#" panel-name="testlist-Test_suite_for_chrome" class="navigator-link ">
                    <span class="test-stats">1 test</span>
                  </a> <!-- navigator-link  -->
                </li>
                <li>
                  <a href="#" panel-name="group-Test_suite_for_chrome" class="navigator-link ">
                    <span>2 groups</span>
                  </a> <!-- navigator-link  -->
                </li>
                <li>
                  <a href="#" panel-name="times-Test_suite_for_chrome" class="navigator-link ">
                    <span>Times</span>
                  </a> <!-- navigator-link  -->
                </li>
                <li>
                  <a href="#" panel-name="reporter-Test_suite_for_chrome" class="navigator-link ">
                    <span>Reporter output</span>
                  </a> <!-- navigator-link  -->
                </li>
                <li>
                  <a href="#" panel-name="ignored-methods-Test_suite_for_chrome" class="navigator-link ">
                    <span>Ignored methods</span>
                  </a> <!-- navigator-link  -->
                </li>
                <li>
                  <a href="#" panel-name="chronological-Test_suite_for_chrome" class="navigator-link ">
                    <span>Chronological view</span>
                  </a> <!-- navigator-link  -->
                </li>
              </ul>
            </div> <!-- suite-section-content -->
            <div class="result-section">
              <div class="suite-section-title">
                <span>Results</span>
              </div> <!-- suite-section-title -->
              <div class="suite-section-content">
                <ul>
                  <li>
                    <span class="method-stats">7 methods, 7 failed,   </span>
                  </li>
                  <li>
                    <span class="method-list-title failed">Failed methods</span>
                    <span class="show-or-hide-methods failed">
                      <a href="#" panel-name="suite-Test_suite_for_chrome" class="hide-methods failed suite-Test_suite_for_chrome"> (hide)</a> <!-- hide-methods failed suite-Test_suite_for_chrome -->
                      <a href="#" panel-name="suite-Test_suite_for_chrome" class="show-methods failed suite-Test_suite_for_chrome"> (show)</a> <!-- show-methods failed suite-Test_suite_for_chrome -->
                    </span>
                    <div class="method-list-content failed suite-Test_suite_for_chrome">
                      <span>
                        <img src="failed.png" width="3%"/>
                        <a href="#" panel-name="suite-Test_suite_for_chrome" title="ua.rabota.TestLogin" class="method navigator-link" hash-for-method="testCountCV(emailns@gmail.com, pass, Name Surname)">testCountCV(emailns@gmail.com, pass, Name Surname)</a> <!-- method navigator-link -->
                      </span>
                      <br/>
                      <span>
                        <img src="failed.png" width="3%"/>
                        <a href="#" panel-name="suite-Test_suite_for_chrome" title="ua.rabota.TestLogin" class="method navigator-link" hash-for-method="testCountCV(emailsn@gmail.com, pass2, NameN SurnameS)">testCountCV(emailsn@gmail.com, pass2, NameN SurnameS)</a> <!-- method navigator-link -->
                      </span>
                      <br/>
                      <span>
                        <img src="failed.png" width="3%"/>
                        <a href="#" panel-name="suite-Test_suite_for_chrome" title="ua.rabota.TestLogin" class="method navigator-link" hash-for-method="testEmail(email@)">testEmail(email@)</a> <!-- method navigator-link -->
                      </span>
                      <br/>
                      <span>
                        <img src="failed.png" width="3%"/>
                        <a href="#" panel-name="suite-Test_suite_for_chrome" title="ua.rabota.TestLogin" class="method navigator-link" hash-for-method="testEmail(  email@com.ua)">testEmail(  email@com.ua)</a> <!-- method navigator-link -->
                      </span>
                      <br/>
                      <span>
                        <img src="failed.png" width="3%"/>
                        <a href="#" panel-name="suite-Test_suite_for_chrome" title="ua.rabota.TestLogin" class="method navigator-link" hash-for-method="testLog">testLog</a> <!-- method navigator-link -->
                      </span>
                      <br/>
                      <span>
                        <img src="failed.png" width="3%"/>
                        <a href="#" panel-name="suite-Test_suite_for_chrome" title="ua.rabota.TestLogin" class="method navigator-link" hash-for-method="testLoginPositive(emailns@gmail.com, pass, Name Surname)">testLoginPositive(emailns@gmail.com, pass, Name Surname)</a> <!-- method navigator-link -->
                      </span>
                      <br/>
                      <span>
                        <img src="failed.png" width="3%"/>
                        <a href="#" panel-name="suite-Test_suite_for_chrome" title="ua.rabota.TestLogin" class="method navigator-link" hash-for-method="testLoginPositive(emailsn@gmail.com, pass2, NameN SurnameS)">testLoginPositive(emailsn@gmail.com, pass2, NameN SurnameS)</a> <!-- method navigator-link -->
                      </span>
                      <br/>
                    </div> <!-- method-list-content failed suite-Test_suite_for_chrome -->
                  </li>
                </ul>
              </div> <!-- suite-section-content -->
            </div> <!-- result-section -->
          </div> <!-- navigator-suite-content -->
        </div> <!-- rounded-window -->
      </div> <!-- suite -->
      <div class="suite">
        <div class="rounded-window">
          <div class="suite-header light-rounded-window-top">
            <a href="#" panel-name="suite-Test_suite_for_firefox" class="navigator-link">
              <span class="suite-name border-skipped">Test suite for firefox</span>
            </a> <!-- navigator-link -->
          </div> <!-- suite-header light-rounded-window-top -->
          <div class="navigator-suite-content">
            <div class="suite-section-title">
              <span>Info</span>
            </div> <!-- suite-section-title -->
            <div class="suite-section-content">
              <ul>
                <li>
                  <a href="#" panel-name="test-xml-Test_suite_for_firefox" class="navigator-link ">
                    <span>C:\Users\kateryna.rozhanska\IdeaProjects\RabotaUA\src\resources\test_firefox.xml</span>
                  </a> <!-- navigator-link  -->
                </li>
                <li>
                  <a href="#" panel-name="testlist-Test_suite_for_firefox" class="navigator-link ">
                    <span class="test-stats">1 test</span>
                  </a> <!-- navigator-link  -->
                </li>
                <li>
                  <a href="#" panel-name="group-Test_suite_for_firefox" class="navigator-link ">
                    <span>2 groups</span>
                  </a> <!-- navigator-link  -->
                </li>
                <li>
                  <a href="#" panel-name="times-Test_suite_for_firefox" class="navigator-link ">
                    <span>Times</span>
                  </a> <!-- navigator-link  -->
                </li>
                <li>
                  <a href="#" panel-name="reporter-Test_suite_for_firefox" class="navigator-link ">
                    <span>Reporter output</span>
                  </a> <!-- navigator-link  -->
                </li>
                <li>
                  <a href="#" panel-name="ignored-methods-Test_suite_for_firefox" class="navigator-link ">
                    <span>Ignored methods</span>
                  </a> <!-- navigator-link  -->
                </li>
                <li>
                  <a href="#" panel-name="chronological-Test_suite_for_firefox" class="navigator-link ">
                    <span>Chronological view</span>
                  </a> <!-- navigator-link  -->
                </li>
              </ul>
            </div> <!-- suite-section-content -->
            <div class="result-section">
              <div class="suite-section-title">
                <span>Results</span>
              </div> <!-- suite-section-title -->
              <div class="suite-section-content">
                <ul>
                  <li>
                    <span class="method-stats">7 methods,  7 skipped,  </span>
                  </li>
                  <li>
                    <span class="method-list-title skipped">Skipped methods</span>
                    <span class="show-or-hide-methods skipped">
                      <a href="#" panel-name="suite-Test_suite_for_firefox" class="hide-methods skipped suite-Test_suite_for_firefox"> (hide)</a> <!-- hide-methods skipped suite-Test_suite_for_firefox -->
                      <a href="#" panel-name="suite-Test_suite_for_firefox" class="show-methods skipped suite-Test_suite_for_firefox"> (show)</a> <!-- show-methods skipped suite-Test_suite_for_firefox -->
                    </span>
                    <div class="method-list-content skipped suite-Test_suite_for_firefox">
                      <span>
                        <img src="skipped.png" width="3%"/>
                        <a href="#" panel-name="suite-Test_suite_for_firefox" title="ua.rabota.TestLogin" class="method navigator-link" hash-for-method="testCountCV">testCountCV</a> <!-- method navigator-link -->
                      </span>
                      <br/>
                      <span>
                        <img src="skipped.png" width="3%"/>
                        <a href="#" panel-name="suite-Test_suite_for_firefox" title="ua.rabota.TestLogin" class="method navigator-link" hash-for-method="testCountCV">testCountCV</a> <!-- method navigator-link -->
                      </span>
                      <br/>
                      <span>
                        <img src="skipped.png" width="3%"/>
                        <a href="#" panel-name="suite-Test_suite_for_firefox" title="ua.rabota.TestLogin" class="method navigator-link" hash-for-method="testEmail">testEmail</a> <!-- method navigator-link -->
                      </span>
                      <br/>
                      <span>
                        <img src="skipped.png" width="3%"/>
                        <a href="#" panel-name="suite-Test_suite_for_firefox" title="ua.rabota.TestLogin" class="method navigator-link" hash-for-method="testEmail">testEmail</a> <!-- method navigator-link -->
                      </span>
                      <br/>
                      <span>
                        <img src="skipped.png" width="3%"/>
                        <a href="#" panel-name="suite-Test_suite_for_firefox" title="ua.rabota.TestLogin" class="method navigator-link" hash-for-method="testLog">testLog</a> <!-- method navigator-link -->
                      </span>
                      <br/>
                      <span>
                        <img src="skipped.png" width="3%"/>
                        <a href="#" panel-name="suite-Test_suite_for_firefox" title="ua.rabota.TestLogin" class="method navigator-link" hash-for-method="testLoginPositive">testLoginPositive</a> <!-- method navigator-link -->
                      </span>
                      <br/>
                      <span>
                        <img src="skipped.png" width="3%"/>
                        <a href="#" panel-name="suite-Test_suite_for_firefox" title="ua.rabota.TestLogin" class="method navigator-link" hash-for-method="testLoginPositive">testLoginPositive</a> <!-- method navigator-link -->
                      </span>
                      <br/>
                    </div> <!-- method-list-content skipped suite-Test_suite_for_firefox -->
                  </li>
                </ul>
              </div> <!-- suite-section-content -->
            </div> <!-- result-section -->
          </div> <!-- navigator-suite-content -->
        </div> <!-- rounded-window -->
      </div> <!-- suite -->
    </div> <!-- navigator-root -->
    <div class="wrapper">
      <div class="main-panel-root">
        <div panel-name="suite-Test_suite_for_chrome" class="panel Test_suite_for_chrome">
          <div class="suite-Test_suite_for_chrome-class-failed">
            <div class="main-panel-header rounded-window-top">
              <img src="failed.png"/>
              <span class="class-name">ua.rabota.TestLogin</span>
            </div> <!-- main-panel-header rounded-window-top -->
            <div class="main-panel-content rounded-window-bottom">
              <div class="method">
                <div class="method-content">
                  <a name="testCountCV(emailns@gmail.com, pass, Name Surname)">
                  </a> <!-- testCountCV(emailns@gmail.com, pass, Name Surname) -->
                  <span class="method-name">testCountCV</span>
                  <span class="parameters">(emailns@gmail.com, pass, Name Surname)</span>
                  <div class="stack-trace">org.openqa.selenium.NoSuchElementException: no such element: Unable to locate element: {&quot;method&quot;:&quot;xpath&quot;,&quot;selector&quot;:&quot;.//*[@id=&apos;Header_header&apos;]/div/header/div/div/ul/li[4]/a[1]/label/span&quot;}
  (Session info: chrome=80.0.3987.100)
For documentation on this error, please visit: https://www.seleniumhq.org/exceptions/no_such_element.html
Build info: version: &apos;3.141.59&apos;, revision: &apos;e82be7d358&apos;, time: &apos;2018-11-14T08:17:03&apos;
System info: host: &apos;WS-LV-CP1379&apos;, ip: &apos;172.25.12.123&apos;, os.name: &apos;Windows 10&apos;, os.arch: &apos;amd64&apos;, os.version: &apos;10.0&apos;, java.version: &apos;13.0.2&apos;
Driver info: org.openqa.selenium.chrome.ChromeDriver
Capabilities {acceptInsecureCerts: false, browserName: chrome, browserVersion: 80.0.3987.100, chrome: {chromedriverVersion: 79.0.3945.36 (3582db32b3389..., userDataDir: C:\Users\KATERY~1.ROZ\AppDa...}, goog:chromeOptions: {debuggerAddress: localhost:54959}, javascriptEnabled: true, networkConnectionEnabled: false, pageLoadStrategy: normal, platform: WINDOWS, platformName: WINDOWS, proxy: Proxy(), setWindowRect: true, strictFileInteractability: false, timeouts: {implicit: 0, pageLoad: 300000, script: 30000}, unhandledPromptBehavior: dismiss and notify}
Session ID: 6afa921f79821a004c410d41106b6fa7
*** Element info: {Using=xpath, value=.//*[@id=&apos;Header_header&apos;]/div/header/div/div/ul/li[4]/a[1]/label/span}
	at org.openqa.selenium.remote.http.W3CHttpResponseCodec.createException(W3CHttpResponseCodec.java:187)
	at org.openqa.selenium.remote.http.W3CHttpResponseCodec.decode(W3CHttpResponseCodec.java:122)
	at org.openqa.selenium.remote.http.W3CHttpResponseCodec.decode(W3CHttpResponseCodec.java:49)
	at org.openqa.selenium.remote.HttpCommandExecutor.execute(HttpCommandExecutor.java:158)
	at org.openqa.selenium.remote.service.DriverCommandExecutor.execute(DriverCommandExecutor.java:83)
	at org.openqa.selenium.remote.RemoteWebDriver.execute(RemoteWebDriver.java:552)
	at org.openqa.selenium.remote.RemoteWebDriver.findElement(RemoteWebDriver.java:323)
	at org.openqa.selenium.remote.RemoteWebDriver.findElementByXPath(RemoteWebDriver.java:428)
	at org.openqa.selenium.By$ByXPath.findElement(By.java:353)
	at org.openqa.selenium.remote.RemoteWebDriver.findElement(RemoteWebDriver.java:315)
	at org.openqa.selenium.support.pagefactory.DefaultElementLocator.findElement(DefaultElementLocator.java:69)
	at org.openqa.selenium.support.pagefactory.internal.LocatingElementHandler.invoke(LocatingElementHandler.java:38)
	at com.sun.proxy.$Proxy12.click(Unknown Source)
	at ua.rabota.TestLogin.testCountCV(TestLogin.java:102)
	at java.base/java.util.ArrayList.forEach(ArrayList.java:1507)
... Removed 37 stack frames
</div> <!-- stack-trace -->
                </div> <!-- method-content -->
              </div> <!-- method -->
              <div class="method">
                <div class="method-content">
                  <a name="testCountCV(emailsn@gmail.com, pass2, NameN SurnameS)">
                  </a> <!-- testCountCV(emailsn@gmail.com, pass2, NameN SurnameS) -->
                  <span class="method-name">testCountCV</span>
                  <span class="parameters">(emailsn@gmail.com, pass2, NameN SurnameS)</span>
                  <div class="stack-trace">org.openqa.selenium.NoSuchElementException: no such element: Unable to locate element: {&quot;method&quot;:&quot;xpath&quot;,&quot;selector&quot;:&quot;.//*[@id=&apos;Header_header&apos;]/div/header/div/div/ul/li[4]/a[1]/label/span&quot;}
  (Session info: chrome=80.0.3987.100)
For documentation on this error, please visit: https://www.seleniumhq.org/exceptions/no_such_element.html
Build info: version: &apos;3.141.59&apos;, revision: &apos;e82be7d358&apos;, time: &apos;2018-11-14T08:17:03&apos;
System info: host: &apos;WS-LV-CP1379&apos;, ip: &apos;172.25.12.123&apos;, os.name: &apos;Windows 10&apos;, os.arch: &apos;amd64&apos;, os.version: &apos;10.0&apos;, java.version: &apos;13.0.2&apos;
Driver info: org.openqa.selenium.chrome.ChromeDriver
Capabilities {acceptInsecureCerts: false, browserName: chrome, browserVersion: 80.0.3987.100, chrome: {chromedriverVersion: 79.0.3945.36 (3582db32b3389..., userDataDir: C:\Users\KATERY~1.ROZ\AppDa...}, goog:chromeOptions: {debuggerAddress: localhost:54959}, javascriptEnabled: true, networkConnectionEnabled: false, pageLoadStrategy: normal, platform: WINDOWS, platformName: WINDOWS, proxy: Proxy(), setWindowRect: true, strictFileInteractability: false, timeouts: {implicit: 0, pageLoad: 300000, script: 30000}, unhandledPromptBehavior: dismiss and notify}
Session ID: 6afa921f79821a004c410d41106b6fa7
*** Element info: {Using=xpath, value=.//*[@id=&apos;Header_header&apos;]/div/header/div/div/ul/li[4]/a[1]/label/span}
	at org.openqa.selenium.remote.http.W3CHttpResponseCodec.createException(W3CHttpResponseCodec.java:187)
	at org.openqa.selenium.remote.http.W3CHttpResponseCodec.decode(W3CHttpResponseCodec.java:122)
	at org.openqa.selenium.remote.http.W3CHttpResponseCodec.decode(W3CHttpResponseCodec.java:49)
	at org.openqa.selenium.remote.HttpCommandExecutor.execute(HttpCommandExecutor.java:158)
	at org.openqa.selenium.remote.service.DriverCommandExecutor.execute(DriverCommandExecutor.java:83)
	at org.openqa.selenium.remote.RemoteWebDriver.execute(RemoteWebDriver.java:552)
	at org.openqa.selenium.remote.RemoteWebDriver.findElement(RemoteWebDriver.java:323)
	at org.openqa.selenium.remote.RemoteWebDriver.findElementByXPath(RemoteWebDriver.java:428)
	at org.openqa.selenium.By$ByXPath.findElement(By.java:353)
	at org.openqa.selenium.remote.RemoteWebDriver.findElement(RemoteWebDriver.java:315)
	at org.openqa.selenium.support.pagefactory.DefaultElementLocator.findElement(DefaultElementLocator.java:69)
	at org.openqa.selenium.support.pagefactory.internal.LocatingElementHandler.invoke(LocatingElementHandler.java:38)
	at com.sun.proxy.$Proxy12.click(Unknown Source)
	at ua.rabota.TestLogin.testCountCV(TestLogin.java:102)
	at java.base/java.util.ArrayList.forEach(ArrayList.java:1507)
... Removed 37 stack frames
</div> <!-- stack-trace -->
                </div> <!-- method-content -->
              </div> <!-- method -->
              <div class="method">
                <div class="method-content">
                  <a name="testEmail(email@)">
                  </a> <!-- testEmail(email@) -->
                  <span class="method-name">testEmail</span>
                  <span class="parameters">(email@)</span>
                  <div class="stack-trace">org.openqa.selenium.NoSuchElementException: no such element: Unable to locate element: {&quot;method&quot;:&quot;xpath&quot;,&quot;selector&quot;:&quot;.//*[@id=&apos;Header_header&apos;]/div/header/div/div/ul/li[4]/a[1]/label/span&quot;}
  (Session info: chrome=80.0.3987.100)
For documentation on this error, please visit: https://www.seleniumhq.org/exceptions/no_such_element.html
Build info: version: &apos;3.141.59&apos;, revision: &apos;e82be7d358&apos;, time: &apos;2018-11-14T08:17:03&apos;
System info: host: &apos;WS-LV-CP1379&apos;, ip: &apos;172.25.12.123&apos;, os.name: &apos;Windows 10&apos;, os.arch: &apos;amd64&apos;, os.version: &apos;10.0&apos;, java.version: &apos;13.0.2&apos;
Driver info: org.openqa.selenium.chrome.ChromeDriver
Capabilities {acceptInsecureCerts: false, browserName: chrome, browserVersion: 80.0.3987.100, chrome: {chromedriverVersion: 79.0.3945.36 (3582db32b3389..., userDataDir: C:\Users\KATERY~1.ROZ\AppDa...}, goog:chromeOptions: {debuggerAddress: localhost:54959}, javascriptEnabled: true, networkConnectionEnabled: false, pageLoadStrategy: normal, platform: WINDOWS, platformName: WINDOWS, proxy: Proxy(), setWindowRect: true, strictFileInteractability: false, timeouts: {implicit: 0, pageLoad: 300000, script: 30000}, unhandledPromptBehavior: dismiss and notify}
Session ID: 6afa921f79821a004c410d41106b6fa7
*** Element info: {Using=xpath, value=.//*[@id=&apos;Header_header&apos;]/div/header/div/div/ul/li[4]/a[1]/label/span}
	at org.openqa.selenium.remote.http.W3CHttpResponseCodec.createException(W3CHttpResponseCodec.java:187)
	at org.openqa.selenium.remote.http.W3CHttpResponseCodec.decode(W3CHttpResponseCodec.java:122)
	at org.openqa.selenium.remote.http.W3CHttpResponseCodec.decode(W3CHttpResponseCodec.java:49)
	at org.openqa.selenium.remote.HttpCommandExecutor.execute(HttpCommandExecutor.java:158)
	at org.openqa.selenium.remote.service.DriverCommandExecutor.execute(DriverCommandExecutor.java:83)
	at org.openqa.selenium.remote.RemoteWebDriver.execute(RemoteWebDriver.java:552)
	at org.openqa.selenium.remote.RemoteWebDriver.findElement(RemoteWebDriver.java:323)
	at org.openqa.selenium.remote.RemoteWebDriver.findElementByXPath(RemoteWebDriver.java:428)
	at org.openqa.selenium.By$ByXPath.findElement(By.java:353)
	at org.openqa.selenium.remote.RemoteWebDriver.findElement(RemoteWebDriver.java:315)
	at org.openqa.selenium.support.pagefactory.DefaultElementLocator.findElement(DefaultElementLocator.java:69)
	at org.openqa.selenium.support.pagefactory.internal.LocatingElementHandler.invoke(LocatingElementHandler.java:38)
	at com.sun.proxy.$Proxy12.click(Unknown Source)
	at pages.MainPage.setEnterLogin(MainPage.java:35)
	at ua.rabota.TestLogin.testEmail(TestLogin.java:63)
	at java.base/java.util.ArrayList.forEach(ArrayList.java:1507)
... Removed 37 stack frames
</div> <!-- stack-trace -->
                </div> <!-- method-content -->
              </div> <!-- method -->
              <div class="method">
                <div class="method-content">
                  <a name="testEmail(  email@com.ua)">
                  </a> <!-- testEmail(  email@com.ua) -->
                  <span class="method-name">testEmail</span>
                  <span class="parameters">(  email@com.ua)</span>
                  <div class="stack-trace">org.openqa.selenium.NoSuchElementException: no such element: Unable to locate element: {&quot;method&quot;:&quot;xpath&quot;,&quot;selector&quot;:&quot;.//*[@id=&apos;Header_header&apos;]/div/header/div/div/ul/li[4]/a[1]/label/span&quot;}
  (Session info: chrome=80.0.3987.100)
For documentation on this error, please visit: https://www.seleniumhq.org/exceptions/no_such_element.html
Build info: version: &apos;3.141.59&apos;, revision: &apos;e82be7d358&apos;, time: &apos;2018-11-14T08:17:03&apos;
System info: host: &apos;WS-LV-CP1379&apos;, ip: &apos;172.25.12.123&apos;, os.name: &apos;Windows 10&apos;, os.arch: &apos;amd64&apos;, os.version: &apos;10.0&apos;, java.version: &apos;13.0.2&apos;
Driver info: org.openqa.selenium.chrome.ChromeDriver
Capabilities {acceptInsecureCerts: false, browserName: chrome, browserVersion: 80.0.3987.100, chrome: {chromedriverVersion: 79.0.3945.36 (3582db32b3389..., userDataDir: C:\Users\KATERY~1.ROZ\AppDa...}, goog:chromeOptions: {debuggerAddress: localhost:54959}, javascriptEnabled: true, networkConnectionEnabled: false, pageLoadStrategy: normal, platform: WINDOWS, platformName: WINDOWS, proxy: Proxy(), setWindowRect: true, strictFileInteractability: false, timeouts: {implicit: 0, pageLoad: 300000, script: 30000}, unhandledPromptBehavior: dismiss and notify}
Session ID: 6afa921f79821a004c410d41106b6fa7
*** Element info: {Using=xpath, value=.//*[@id=&apos;Header_header&apos;]/div/header/div/div/ul/li[4]/a[1]/label/span}
	at org.openqa.selenium.remote.http.W3CHttpResponseCodec.createException(W3CHttpResponseCodec.java:187)
	at org.openqa.selenium.remote.http.W3CHttpResponseCodec.decode(W3CHttpResponseCodec.java:122)
	at org.openqa.selenium.remote.http.W3CHttpResponseCodec.decode(W3CHttpResponseCodec.java:49)
	at org.openqa.selenium.remote.HttpCommandExecutor.execute(HttpCommandExecutor.java:158)
	at org.openqa.selenium.remote.service.DriverCommandExecutor.execute(DriverCommandExecutor.java:83)
	at org.openqa.selenium.remote.RemoteWebDriver.execute(RemoteWebDriver.java:552)
	at org.openqa.selenium.remote.RemoteWebDriver.findElement(RemoteWebDriver.java:323)
	at org.openqa.selenium.remote.RemoteWebDriver.findElementByXPath(RemoteWebDriver.java:428)
	at org.openqa.selenium.By$ByXPath.findElement(By.java:353)
	at org.openqa.selenium.remote.RemoteWebDriver.findElement(RemoteWebDriver.java:315)
	at org.openqa.selenium.support.pagefactory.DefaultElementLocator.findElement(DefaultElementLocator.java:69)
	at org.openqa.selenium.support.pagefactory.internal.LocatingElementHandler.invoke(LocatingElementHandler.java:38)
	at com.sun.proxy.$Proxy12.click(Unknown Source)
	at pages.MainPage.setEnterLogin(MainPage.java:35)
	at ua.rabota.TestLogin.testEmail(TestLogin.java:63)
	at java.base/java.util.ArrayList.forEach(ArrayList.java:1507)
... Removed 37 stack frames
</div> <!-- stack-trace -->
                </div> <!-- method-content -->
              </div> <!-- method -->
              <div class="method">
                <div class="method-content">
                  <a name="testLog">
                  </a> <!-- testLog -->
                  <span class="method-name">testLog</span>
                  <div class="stack-trace">org.openqa.selenium.NoSuchElementException: no such element: Unable to locate element: {&quot;method&quot;:&quot;xpath&quot;,&quot;selector&quot;:&quot;.//*[@id=&apos;Header_header&apos;]/div/header/div/div/ul/li[4]/a[1]/label/span&quot;}
  (Session info: chrome=80.0.3987.100)
For documentation on this error, please visit: https://www.seleniumhq.org/exceptions/no_such_element.html
Build info: version: &apos;3.141.59&apos;, revision: &apos;e82be7d358&apos;, time: &apos;2018-11-14T08:17:03&apos;
System info: host: &apos;WS-LV-CP1379&apos;, ip: &apos;172.25.12.123&apos;, os.name: &apos;Windows 10&apos;, os.arch: &apos;amd64&apos;, os.version: &apos;10.0&apos;, java.version: &apos;13.0.2&apos;
Driver info: org.openqa.selenium.chrome.ChromeDriver
Capabilities {acceptInsecureCerts: false, browserName: chrome, browserVersion: 80.0.3987.100, chrome: {chromedriverVersion: 79.0.3945.36 (3582db32b3389..., userDataDir: C:\Users\KATERY~1.ROZ\AppDa...}, goog:chromeOptions: {debuggerAddress: localhost:54959}, javascriptEnabled: true, networkConnectionEnabled: false, pageLoadStrategy: normal, platform: WINDOWS, platformName: WINDOWS, proxy: Proxy(), setWindowRect: true, strictFileInteractability: false, timeouts: {implicit: 0, pageLoad: 300000, script: 30000}, unhandledPromptBehavior: dismiss and notify}
Session ID: 6afa921f79821a004c410d41106b6fa7
*** Element info: {Using=xpath, value=.//*[@id=&apos;Header_header&apos;]/div/header/div/div/ul/li[4]/a[1]/label/span}
	at org.openqa.selenium.remote.http.W3CHttpResponseCodec.createException(W3CHttpResponseCodec.java:187)
	at org.openqa.selenium.remote.http.W3CHttpResponseCodec.decode(W3CHttpResponseCodec.java:122)
	at org.openqa.selenium.remote.http.W3CHttpResponseCodec.decode(W3CHttpResponseCodec.java:49)
	at org.openqa.selenium.remote.HttpCommandExecutor.execute(HttpCommandExecutor.java:158)
	at org.openqa.selenium.remote.service.DriverCommandExecutor.execute(DriverCommandExecutor.java:83)
	at org.openqa.selenium.remote.RemoteWebDriver.execute(RemoteWebDriver.java:552)
	at org.openqa.selenium.remote.RemoteWebDriver.findElement(RemoteWebDriver.java:323)
	at org.openqa.selenium.remote.RemoteWebDriver.findElementByXPath(RemoteWebDriver.java:428)
	at org.openqa.selenium.By$ByXPath.findElement(By.java:353)
	at org.openqa.selenium.remote.RemoteWebDriver.findElement(RemoteWebDriver.java:315)
	at org.openqa.selenium.support.pagefactory.DefaultElementLocator.findElement(DefaultElementLocator.java:69)
	at org.openqa.selenium.support.pagefactory.internal.LocatingElementHandler.invoke(LocatingElementHandler.java:38)
	at com.sun.proxy.$Proxy12.click(Unknown Source)
	at pages.MainPage.setEnterLogin(MainPage.java:35)
	at ua.rabota.TestLogin.testLog(TestLogin.java:45)
	at java.base/java.util.ArrayList.forEach(ArrayList.java:1507)
... Removed 37 stack frames
</div> <!-- stack-trace -->
                </div> <!-- method-content -->
              </div> <!-- method -->
              <div class="method">
                <div class="method-content">
                  <a name="testLoginPositive(emailns@gmail.com, pass, Name Surname)">
                  </a> <!-- testLoginPositive(emailns@gmail.com, pass, Name Surname) -->
                  <span class="method-name">testLoginPositive</span>
                  <span class="parameters">(emailns@gmail.com, pass, Name Surname)</span>
                  <div class="stack-trace">org.openqa.selenium.NoSuchElementException: no such element: Unable to locate element: {&quot;method&quot;:&quot;xpath&quot;,&quot;selector&quot;:&quot;.//*[@id=&apos;Header_header&apos;]/div/header/div/div/ul/li[4]/a[1]/label/span&quot;}
  (Session info: chrome=80.0.3987.100)
For documentation on this error, please visit: https://www.seleniumhq.org/exceptions/no_such_element.html
Build info: version: &apos;3.141.59&apos;, revision: &apos;e82be7d358&apos;, time: &apos;2018-11-14T08:17:03&apos;
System info: host: &apos;WS-LV-CP1379&apos;, ip: &apos;172.25.12.123&apos;, os.name: &apos;Windows 10&apos;, os.arch: &apos;amd64&apos;, os.version: &apos;10.0&apos;, java.version: &apos;13.0.2&apos;
Driver info: org.openqa.selenium.chrome.ChromeDriver
Capabilities {acceptInsecureCerts: false, browserName: chrome, browserVersion: 80.0.3987.100, chrome: {chromedriverVersion: 79.0.3945.36 (3582db32b3389..., userDataDir: C:\Users\KATERY~1.ROZ\AppDa...}, goog:chromeOptions: {debuggerAddress: localhost:54959}, javascriptEnabled: true, networkConnectionEnabled: false, pageLoadStrategy: normal, platform: WINDOWS, platformName: WINDOWS, proxy: Proxy(), setWindowRect: true, strictFileInteractability: false, timeouts: {implicit: 0, pageLoad: 300000, script: 30000}, unhandledPromptBehavior: dismiss and notify}
Session ID: 6afa921f79821a004c410d41106b6fa7
*** Element info: {Using=xpath, value=.//*[@id=&apos;Header_header&apos;]/div/header/div/div/ul/li[4]/a[1]/label/span}
	at org.openqa.selenium.remote.http.W3CHttpResponseCodec.createException(W3CHttpResponseCodec.java:187)
	at org.openqa.selenium.remote.http.W3CHttpResponseCodec.decode(W3CHttpResponseCodec.java:122)
	at org.openqa.selenium.remote.http.W3CHttpResponseCodec.decode(W3CHttpResponseCodec.java:49)
	at org.openqa.selenium.remote.HttpCommandExecutor.execute(HttpCommandExecutor.java:158)
	at org.openqa.selenium.remote.service.DriverCommandExecutor.execute(DriverCommandExecutor.java:83)
	at org.openqa.selenium.remote.RemoteWebDriver.execute(RemoteWebDriver.java:552)
	at org.openqa.selenium.remote.RemoteWebDriver.findElement(RemoteWebDriver.java:323)
	at org.openqa.selenium.remote.RemoteWebDriver.findElementByXPath(RemoteWebDriver.java:428)
	at org.openqa.selenium.By$ByXPath.findElement(By.java:353)
	at org.openqa.selenium.remote.RemoteWebDriver.findElement(RemoteWebDriver.java:315)
	at org.openqa.selenium.support.pagefactory.DefaultElementLocator.findElement(DefaultElementLocator.java:69)
	at org.openqa.selenium.support.pagefactory.internal.LocatingElementHandler.invoke(LocatingElementHandler.java:38)
	at com.sun.proxy.$Proxy12.click(Unknown Source)
	at ua.rabota.TestLogin.testLoginPositive(TestLogin.java:82)
	at java.base/java.util.ArrayList.forEach(ArrayList.java:1507)
... Removed 37 stack frames
</div> <!-- stack-trace -->
                </div> <!-- method-content -->
              </div> <!-- method -->
              <div class="method">
                <div class="method-content">
                  <a name="testLoginPositive(emailsn@gmail.com, pass2, NameN SurnameS)">
                  </a> <!-- testLoginPositive(emailsn@gmail.com, pass2, NameN SurnameS) -->
                  <span class="method-name">testLoginPositive</span>
                  <span class="parameters">(emailsn@gmail.com, pass2, NameN SurnameS)</span>
                  <div class="stack-trace">org.openqa.selenium.NoSuchElementException: no such element: Unable to locate element: {&quot;method&quot;:&quot;xpath&quot;,&quot;selector&quot;:&quot;.//*[@id=&apos;Header_header&apos;]/div/header/div/div/ul/li[4]/a[1]/label/span&quot;}
  (Session info: chrome=80.0.3987.100)
For documentation on this error, please visit: https://www.seleniumhq.org/exceptions/no_such_element.html
Build info: version: &apos;3.141.59&apos;, revision: &apos;e82be7d358&apos;, time: &apos;2018-11-14T08:17:03&apos;
System info: host: &apos;WS-LV-CP1379&apos;, ip: &apos;172.25.12.123&apos;, os.name: &apos;Windows 10&apos;, os.arch: &apos;amd64&apos;, os.version: &apos;10.0&apos;, java.version: &apos;13.0.2&apos;
Driver info: org.openqa.selenium.chrome.ChromeDriver
Capabilities {acceptInsecureCerts: false, browserName: chrome, browserVersion: 80.0.3987.100, chrome: {chromedriverVersion: 79.0.3945.36 (3582db32b3389..., userDataDir: C:\Users\KATERY~1.ROZ\AppDa...}, goog:chromeOptions: {debuggerAddress: localhost:54959}, javascriptEnabled: true, networkConnectionEnabled: false, pageLoadStrategy: normal, platform: WINDOWS, platformName: WINDOWS, proxy: Proxy(), setWindowRect: true, strictFileInteractability: false, timeouts: {implicit: 0, pageLoad: 300000, script: 30000}, unhandledPromptBehavior: dismiss and notify}
Session ID: 6afa921f79821a004c410d41106b6fa7
*** Element info: {Using=xpath, value=.//*[@id=&apos;Header_header&apos;]/div/header/div/div/ul/li[4]/a[1]/label/span}
	at org.openqa.selenium.remote.http.W3CHttpResponseCodec.createException(W3CHttpResponseCodec.java:187)
	at org.openqa.selenium.remote.http.W3CHttpResponseCodec.decode(W3CHttpResponseCodec.java:122)
	at org.openqa.selenium.remote.http.W3CHttpResponseCodec.decode(W3CHttpResponseCodec.java:49)
	at org.openqa.selenium.remote.HttpCommandExecutor.execute(HttpCommandExecutor.java:158)
	at org.openqa.selenium.remote.service.DriverCommandExecutor.execute(DriverCommandExecutor.java:83)
	at org.openqa.selenium.remote.RemoteWebDriver.execute(RemoteWebDriver.java:552)
	at org.openqa.selenium.remote.RemoteWebDriver.findElement(RemoteWebDriver.java:323)
	at org.openqa.selenium.remote.RemoteWebDriver.findElementByXPath(RemoteWebDriver.java:428)
	at org.openqa.selenium.By$ByXPath.findElement(By.java:353)
	at org.openqa.selenium.remote.RemoteWebDriver.findElement(RemoteWebDriver.java:315)
	at org.openqa.selenium.support.pagefactory.DefaultElementLocator.findElement(DefaultElementLocator.java:69)
	at org.openqa.selenium.support.pagefactory.internal.LocatingElementHandler.invoke(LocatingElementHandler.java:38)
	at com.sun.proxy.$Proxy12.click(Unknown Source)
	at ua.rabota.TestLogin.testLoginPositive(TestLogin.java:82)
	at java.base/java.util.ArrayList.forEach(ArrayList.java:1507)
... Removed 37 stack frames
</div> <!-- stack-trace -->
                </div> <!-- method-content -->
              </div> <!-- method -->
            </div> <!-- main-panel-content rounded-window-bottom -->
          </div> <!-- suite-Test_suite_for_chrome-class-failed -->
        </div> <!-- panel Test_suite_for_chrome -->
        <div panel-name="suite-Test_suite_for_firefox" class="panel Test_suite_for_firefox">
          <div class="suite-Test_suite_for_firefox-class-skipped">
            <div class="main-panel-header rounded-window-top">
              <img src="skipped.png"/>
              <span class="class-name">ua.rabota.TestLogin</span>
            </div> <!-- main-panel-header rounded-window-top -->
            <div class="main-panel-content rounded-window-bottom">
              <div class="method">
                <div class="method-content">
                  <a name="testCountCV">
                  </a> <!-- testCountCV -->
                  <span class="method-name">testCountCV</span>
                  <div class="stack-trace">java.lang.NullPointerException
	at ua.rabota.TestLogin.takeScreenshot(TestLogin.java:127)
	at java.base/java.util.ArrayList.forEach(ArrayList.java:1507)
... Removed 37 stack frames
</div> <!-- stack-trace -->
                </div> <!-- method-content -->
              </div> <!-- method -->
              <div class="method">
                <div class="method-content">
                  <a name="testCountCV">
                  </a> <!-- testCountCV -->
                  <span class="method-name">testCountCV</span>
                  <div class="stack-trace">java.lang.NullPointerException
	at ua.rabota.TestLogin.takeScreenshot(TestLogin.java:127)
	at java.base/java.util.ArrayList.forEach(ArrayList.java:1507)
... Removed 37 stack frames
</div> <!-- stack-trace -->
                </div> <!-- method-content -->
              </div> <!-- method -->
              <div class="method">
                <div class="method-content">
                  <a name="testEmail">
                  </a> <!-- testEmail -->
                  <span class="method-name">testEmail</span>
                  <div class="stack-trace">org.openqa.selenium.WebDriverException: newSession
Build info: version: &apos;3.141.59&apos;, revision: &apos;e82be7d358&apos;, time: &apos;2018-11-14T08:17:03&apos;
System info: host: &apos;WS-LV-CP1379&apos;, ip: &apos;172.25.12.123&apos;, os.name: &apos;Windows 10&apos;, os.arch: &apos;amd64&apos;, os.version: &apos;10.0&apos;, java.version: &apos;13.0.2&apos;
Driver info: driver.version: FirefoxDriver
remote stacktrace: stack backtrace:
   0:   0x49dbf6 - &lt;no info&gt;
   1:   0x435fd7 - &lt;no info&gt;
   2:   0x442e70 - &lt;no info&gt;
   3:   0x440e95 - &lt;no info&gt;
   4:   0x41bb48 - &lt;no info&gt;
   5:   0x404309 - &lt;no info&gt;
   6:   0x4066b7 - &lt;no info&gt;
   7:   0x687086 - &lt;no info&gt;
   8:   0x413b48 - &lt;no info&gt;
   9:   0x6823d1 - &lt;no info&gt;
  10: 0x752f6359 - BaseThreadInitThunk
  11: 0x771c7b74 - RtlGetAppContainerNamedObjectPath
	at org.openqa.selenium.remote.W3CHandshakeResponse.lambda$errorHandler$0(W3CHandshakeResponse.java:62)
	at org.openqa.selenium.remote.HandshakeResponse.lambda$getResponseFunction$0(HandshakeResponse.java:30)
	at org.openqa.selenium.remote.ProtocolHandshake.lambda$createSession$0(ProtocolHandshake.java:126)
	at java.base/java.util.stream.ReferencePipeline$3$1.accept(ReferencePipeline.java:195)
	at java.base/java.util.Spliterators$ArraySpliterator.tryAdvance(Spliterators.java:958)
	at java.base/java.util.stream.ReferencePipeline.forEachWithCancel(ReferencePipeline.java:127)
	at java.base/java.util.stream.AbstractPipeline.copyIntoWithCancel(AbstractPipeline.java:502)
	at java.base/java.util.stream.AbstractPipeline.copyInto(AbstractPipeline.java:488)
	at java.base/java.util.stream.AbstractPipeline.wrapAndCopyInto(AbstractPipeline.java:474)
	at java.base/java.util.stream.FindOps$FindOp.evaluateSequential(FindOps.java:150)
	at java.base/java.util.stream.AbstractPipeline.evaluate(AbstractPipeline.java:234)
	at java.base/java.util.stream.ReferencePipeline.findFirst(ReferencePipeline.java:543)
	at org.openqa.selenium.remote.ProtocolHandshake.createSession(ProtocolHandshake.java:128)
	at org.openqa.selenium.remote.ProtocolHandshake.createSession(ProtocolHandshake.java:74)
	at org.openqa.selenium.remote.HttpCommandExecutor.execute(HttpCommandExecutor.java:136)
	at org.openqa.selenium.remote.service.DriverCommandExecutor.execute(DriverCommandExecutor.java:83)
	at org.openqa.selenium.remote.RemoteWebDriver.execute(RemoteWebDriver.java:552)
	at org.openqa.selenium.remote.RemoteWebDriver.startSession(RemoteWebDriver.java:213)
	at org.openqa.selenium.remote.RemoteWebDriver.&lt;init&gt;(RemoteWebDriver.java:131)
	at org.openqa.selenium.firefox.FirefoxDriver.&lt;init&gt;(FirefoxDriver.java:147)
	at org.openqa.selenium.firefox.FirefoxDriver.&lt;init&gt;(FirefoxDriver.java:125)
	at ua.rabota.SingletonWB.getInstance(SingletonWB.java:19)
	at ua.rabota.TestLogin.setUp(TestLogin.java:35)
	at java.base/java.util.ArrayList.forEach(ArrayList.java:1507)
... Removed 35 stack frames
</div> <!-- stack-trace -->
                </div> <!-- method-content -->
              </div> <!-- method -->
              <div class="method">
                <div class="method-content">
                  <a name="testEmail">
                  </a> <!-- testEmail -->
                  <span class="method-name">testEmail</span>
                  <div class="stack-trace">java.lang.NullPointerException
	at ua.rabota.TestLogin.takeScreenshot(TestLogin.java:127)
	at java.base/java.util.ArrayList.forEach(ArrayList.java:1507)
... Removed 37 stack frames
</div> <!-- stack-trace -->
                </div> <!-- method-content -->
              </div> <!-- method -->
              <div class="method">
                <div class="method-content">
                  <a name="testLog">
                  </a> <!-- testLog -->
                  <span class="method-name">testLog</span>
                  <div class="stack-trace">java.lang.NullPointerException
	at ua.rabota.TestLogin.takeScreenshot(TestLogin.java:127)
	at java.base/java.util.ArrayList.forEach(ArrayList.java:1507)
... Removed 37 stack frames
</div> <!-- stack-trace -->
                </div> <!-- method-content -->
              </div> <!-- method -->
              <div class="method">
                <div class="method-content">
                  <a name="testLoginPositive">
                  </a> <!-- testLoginPositive -->
                  <span class="method-name">testLoginPositive</span>
                  <div class="stack-trace">java.lang.NullPointerException
	at ua.rabota.TestLogin.takeScreenshot(TestLogin.java:127)
	at java.base/java.util.ArrayList.forEach(ArrayList.java:1507)
... Removed 37 stack frames
</div> <!-- stack-trace -->
                </div> <!-- method-content -->
              </div> <!-- method -->
              <div class="method">
                <div class="method-content">
                  <a name="testLoginPositive">
                  </a> <!-- testLoginPositive -->
                  <span class="method-name">testLoginPositive</span>
                  <div class="stack-trace">java.lang.NullPointerException
	at ua.rabota.TestLogin.takeScreenshot(TestLogin.java:127)
	at java.base/java.util.ArrayList.forEach(ArrayList.java:1507)
... Removed 37 stack frames
</div> <!-- stack-trace -->
                </div> <!-- method-content -->
              </div> <!-- method -->
            </div> <!-- main-panel-content rounded-window-bottom -->
          </div> <!-- suite-Test_suite_for_firefox-class-skipped -->
        </div> <!-- panel Test_suite_for_firefox -->
        <div panel-name="suite-General_test_suite" class="panel General_test_suite">
        </div> <!-- panel General_test_suite -->
        <div panel-name="test-xml-Test_suite_for_chrome" class="panel">
          <div class="main-panel-header rounded-window-top">
            <span class="header-content">C:\Users\kateryna.rozhanska\IdeaProjects\RabotaUA\src\resources\test_chrome.xml</span>
          </div> <!-- main-panel-header rounded-window-top -->
          <div class="main-panel-content rounded-window-bottom">
            <pre>
&lt;?xml version=&quot;1.0&quot; encoding=&quot;UTF-8&quot;?&gt;
&lt;!DOCTYPE suite SYSTEM &quot;https://testng.org/testng-1.0.dtd&quot;&gt;
&lt;suite name=&quot;Test suite for chrome&quot; guice-stage=&quot;DEVELOPMENT&quot; verbose=&quot;0&quot;&gt;
  &lt;parameter name=&quot;browserValue&quot; value=&quot;chrome&quot;/&gt;
  &lt;listeners&gt;
    &lt;listener class-name=&quot;ua.rabota.ScreenshotCreator&quot;/&gt;
    &lt;listener class-name=&quot;ua.rabota.Listener&quot;/&gt;
  &lt;/listeners&gt;
  &lt;test thread-count=&quot;5&quot; name=&quot;Chrome test&quot; verbose=&quot;0&quot;&gt;
    &lt;classes&gt;
      &lt;class name=&quot;ua.rabota.TestLogin&quot;/&gt;
    &lt;/classes&gt;
  &lt;/test&gt; &lt;!-- Chrome test --&gt;
&lt;/suite&gt; &lt;!-- Test suite for chrome --&gt;
            </pre>
          </div> <!-- main-panel-content rounded-window-bottom -->
        </div> <!-- panel -->
        <div panel-name="test-xml-Test_suite_for_firefox" class="panel">
          <div class="main-panel-header rounded-window-top">
            <span class="header-content">C:\Users\kateryna.rozhanska\IdeaProjects\RabotaUA\src\resources\test_firefox.xml</span>
          </div> <!-- main-panel-header rounded-window-top -->
          <div class="main-panel-content rounded-window-bottom">
            <pre>
&lt;?xml version=&quot;1.0&quot; encoding=&quot;UTF-8&quot;?&gt;
&lt;!DOCTYPE suite SYSTEM &quot;https://testng.org/testng-1.0.dtd&quot;&gt;
&lt;suite name=&quot;Test suite for firefox&quot; guice-stage=&quot;DEVELOPMENT&quot; verbose=&quot;0&quot;&gt;
  &lt;parameter name=&quot;browserValue&quot; value=&quot;firefox&quot;/&gt;
  &lt;listeners&gt;
    &lt;listener class-name=&quot;ua.rabota.Listener&quot;/&gt;
  &lt;/listeners&gt;
  &lt;test thread-count=&quot;5&quot; name=&quot;Firefox tests&quot; verbose=&quot;0&quot;&gt;
    &lt;classes&gt;
      &lt;class name=&quot;ua.rabota.TestLogin&quot;/&gt;
    &lt;/classes&gt;
  &lt;/test&gt; &lt;!-- Firefox tests --&gt;
&lt;/suite&gt; &lt;!-- Test suite for firefox --&gt;
            </pre>
          </div> <!-- main-panel-content rounded-window-bottom -->
        </div> <!-- panel -->
        <div panel-name="test-xml-General_test_suite" class="panel">
          <div class="main-panel-header rounded-window-top">
            <span class="header-content">C:\Users\kateryna.rozhanska\IdeaProjects\RabotaUA\src\resources\test_general.xml</span>
          </div> <!-- main-panel-header rounded-window-top -->
          <div class="main-panel-content rounded-window-bottom">
            <pre>
&lt;?xml version=&quot;1.0&quot; encoding=&quot;UTF-8&quot;?&gt;
&lt;!DOCTYPE suite SYSTEM &quot;https://testng.org/testng-1.0.dtd&quot;&gt;
&lt;suite thread-count=&quot;10&quot; name=&quot;General_test_suite&quot; guice-stage=&quot;DEVELOPMENT&quot; verbose=&quot;0&quot;&gt;
  &lt;suite-files&gt;
    &lt;suite-file path=&quot;test_chrome.xml&quot;/&gt;
    &lt;suite-file path=&quot;test_firefox.xml&quot;/&gt;
  &lt;/suite-files&gt;
&lt;/suite&gt; &lt;!-- General_test_suite --&gt;
            </pre>
          </div> <!-- main-panel-content rounded-window-bottom -->
        </div> <!-- panel -->
        <div panel-name="testlist-Test_suite_for_chrome" class="panel">
          <div class="main-panel-header rounded-window-top">
            <span class="header-content">Tests for Test suite for chrome</span>
          </div> <!-- main-panel-header rounded-window-top -->
          <div class="main-panel-content rounded-window-bottom">
            <ul>
              <li>
                <span class="test-name">Chrome test (1 class)</span>
              </li>
            </ul>
          </div> <!-- main-panel-content rounded-window-bottom -->
        </div> <!-- panel -->
        <div panel-name="testlist-Test_suite_for_firefox" class="panel">
          <div class="main-panel-header rounded-window-top">
            <span class="header-content">Tests for Test suite for firefox</span>
          </div> <!-- main-panel-header rounded-window-top -->
          <div class="main-panel-content rounded-window-bottom">
            <ul>
              <li>
                <span class="test-name">Firefox tests (1 class)</span>
              </li>
            </ul>
          </div> <!-- main-panel-content rounded-window-bottom -->
        </div> <!-- panel -->
        <div panel-name="testlist-General_test_suite" class="panel">
          <div class="main-panel-header rounded-window-top">
            <span class="header-content">Tests for General_test_suite</span>
          </div> <!-- main-panel-header rounded-window-top -->
          <div class="main-panel-content rounded-window-bottom">
            <ul>
            </ul>
          </div> <!-- main-panel-content rounded-window-bottom -->
        </div> <!-- panel -->
        <div panel-name="group-Test_suite_for_chrome" class="panel">
          <div class="main-panel-header rounded-window-top">
            <span class="header-content">Groups for Test suite for chrome</span>
          </div> <!-- main-panel-header rounded-window-top -->
          <div class="main-panel-content rounded-window-bottom">
            <div class="test-group">
              <span class="test-group-name">functest</span>
              <br/>
              <div class="method-in-group">
                <span class="method-in-group-name">testCountCV</span>
                <br/>
              </div> <!-- method-in-group -->
              <div class="method-in-group">
                <span class="method-in-group-name">testEmail</span>
                <br/>
              </div> <!-- method-in-group -->
              <div class="method-in-group">
                <span class="method-in-group-name">testLoginPositive</span>
                <br/>
              </div> <!-- method-in-group -->
            </div> <!-- test-group -->
            <div class="test-group">
              <span class="test-group-name">smoketest</span>
              <br/>
              <div class="method-in-group">
                <span class="method-in-group-name">testCountCV</span>
                <br/>
              </div> <!-- method-in-group -->
              <div class="method-in-group">
                <span class="method-in-group-name">testLog</span>
                <br/>
              </div> <!-- method-in-group -->
            </div> <!-- test-group -->
          </div> <!-- main-panel-content rounded-window-bottom -->
        </div> <!-- panel -->
        <div panel-name="group-Test_suite_for_firefox" class="panel">
          <div class="main-panel-header rounded-window-top">
            <span class="header-content">Groups for Test suite for firefox</span>
          </div> <!-- main-panel-header rounded-window-top -->
          <div class="main-panel-content rounded-window-bottom">
            <div class="test-group">
              <span class="test-group-name">functest</span>
              <br/>
              <div class="method-in-group">
                <span class="method-in-group-name">testCountCV</span>
                <br/>
              </div> <!-- method-in-group -->
              <div class="method-in-group">
                <span class="method-in-group-name">testEmail</span>
                <br/>
              </div> <!-- method-in-group -->
              <div class="method-in-group">
                <span class="method-in-group-name">testLoginPositive</span>
                <br/>
              </div> <!-- method-in-group -->
            </div> <!-- test-group -->
            <div class="test-group">
              <span class="test-group-name">smoketest</span>
              <br/>
              <div class="method-in-group">
                <span class="method-in-group-name">testCountCV</span>
                <br/>
              </div> <!-- method-in-group -->
              <div class="method-in-group">
                <span class="method-in-group-name">testLog</span>
                <br/>
              </div> <!-- method-in-group -->
            </div> <!-- test-group -->
          </div> <!-- main-panel-content rounded-window-bottom -->
        </div> <!-- panel -->
        <div panel-name="group-General_test_suite" class="panel">
          <div class="main-panel-header rounded-window-top">
            <span class="header-content">Groups for General_test_suite</span>
          </div> <!-- main-panel-header rounded-window-top -->
          <div class="main-panel-content rounded-window-bottom">
          </div> <!-- main-panel-content rounded-window-bottom -->
        </div> <!-- panel -->
        <div panel-name="times-Test_suite_for_chrome" class="panel">
          <div class="main-panel-header rounded-window-top">
            <span class="header-content">Times for Test suite for chrome</span>
          </div> <!-- main-panel-header rounded-window-top -->
          <div class="main-panel-content rounded-window-bottom">
            <div class="times-div">
              <script type="text/javascript">
suiteTableInitFunctions.push('tableData_Test_suite_for_chrome');
function tableData_Test_suite_for_chrome() {
var data = new google.visualization.DataTable();
data.addColumn('number', 'Number');
data.addColumn('string', 'Method');
data.addColumn('string', 'Class');
data.addColumn('number', 'Time (ms)');
data.addRows(7);
data.setCell(0, 0, 0)
data.setCell(0, 1, 'testEmail')
data.setCell(0, 2, 'ua.rabota.TestLogin')
data.setCell(0, 3, 33000);
data.setCell(1, 0, 1)
data.setCell(1, 1, 'testLog')
data.setCell(1, 2, 'ua.rabota.TestLogin')
data.setCell(1, 3, 31366);
data.setCell(2, 0, 2)
data.setCell(2, 1, 'testCountCV')
data.setCell(2, 2, 'ua.rabota.TestLogin')
data.setCell(2, 3, 31233);
data.setCell(3, 0, 3)
data.setCell(3, 1, 'testEmail')
data.setCell(3, 2, 'ua.rabota.TestLogin')
data.setCell(3, 3, 31231);
data.setCell(4, 0, 4)
data.setCell(4, 1, 'testLoginPositive')
data.setCell(4, 2, 'ua.rabota.TestLogin')
data.setCell(4, 3, 31195);
data.setCell(5, 0, 5)
data.setCell(5, 1, 'testLoginPositive')
data.setCell(5, 2, 'ua.rabota.TestLogin')
data.setCell(5, 3, 31157);
data.setCell(6, 0, 6)
data.setCell(6, 1, 'testCountCV')
data.setCell(6, 2, 'ua.rabota.TestLogin')
data.setCell(6, 3, 31139);
window.suiteTableData['Test_suite_for_chrome']= { tableData: data, tableDiv: 'times-div-Test_suite_for_chrome'}
return data;
}
              </script>
              <span class="suite-total-time">Total running time: 3 minutes</span>
              <div id="times-div-Test_suite_for_chrome">
              </div> <!-- times-div-Test_suite_for_chrome -->
            </div> <!-- times-div -->
          </div> <!-- main-panel-content rounded-window-bottom -->
        </div> <!-- panel -->
        <div panel-name="times-Test_suite_for_firefox" class="panel">
          <div class="main-panel-header rounded-window-top">
            <span class="header-content">Times for Test suite for firefox</span>
          </div> <!-- main-panel-header rounded-window-top -->
          <div class="main-panel-content rounded-window-bottom">
            <div class="times-div">
              <script type="text/javascript">
suiteTableInitFunctions.push('tableData_Test_suite_for_firefox');
function tableData_Test_suite_for_firefox() {
var data = new google.visualization.DataTable();
data.addColumn('number', 'Number');
data.addColumn('string', 'Method');
data.addColumn('string', 'Class');
data.addColumn('number', 'Time (ms)');
data.addRows(7);
data.setCell(0, 0, 0)
data.setCell(0, 1, 'testCountCV')
data.setCell(0, 2, 'ua.rabota.TestLogin')
data.setCell(0, 3, 0);
data.setCell(1, 0, 1)
data.setCell(1, 1, 'testEmail')
data.setCell(1, 2, 'ua.rabota.TestLogin')
data.setCell(1, 3, 0);
data.setCell(2, 0, 2)
data.setCell(2, 1, 'testLog')
data.setCell(2, 2, 'ua.rabota.TestLogin')
data.setCell(2, 3, 0);
data.setCell(3, 0, 3)
data.setCell(3, 1, 'testLoginPositive')
data.setCell(3, 2, 'ua.rabota.TestLogin')
data.setCell(3, 3, 0);
data.setCell(4, 0, 4)
data.setCell(4, 1, 'testLoginPositive')
data.setCell(4, 2, 'ua.rabota.TestLogin')
data.setCell(4, 3, 0);
data.setCell(5, 0, 5)
data.setCell(5, 1, 'testEmail')
data.setCell(5, 2, 'ua.rabota.TestLogin')
data.setCell(5, 3, 0);
data.setCell(6, 0, 6)
data.setCell(6, 1, 'testCountCV')
data.setCell(6, 2, 'ua.rabota.TestLogin')
data.setCell(6, 3, 0);
window.suiteTableData['Test_suite_for_firefox']= { tableData: data, tableDiv: 'times-div-Test_suite_for_firefox'}
return data;
}
              </script>
              <span class="suite-total-time">Total running time: 0 ms</span>
              <div id="times-div-Test_suite_for_firefox">
              </div> <!-- times-div-Test_suite_for_firefox -->
            </div> <!-- times-div -->
          </div> <!-- main-panel-content rounded-window-bottom -->
        </div> <!-- panel -->
        <div panel-name="times-General_test_suite" class="panel">
          <div class="main-panel-header rounded-window-top">
            <span class="header-content">Times for General_test_suite</span>
          </div> <!-- main-panel-header rounded-window-top -->
          <div class="main-panel-content rounded-window-bottom">
            <div class="times-div">
              <script type="text/javascript">
suiteTableInitFunctions.push('tableData_General_test_suite');
function tableData_General_test_suite() {
var data = new google.visualization.DataTable();
data.addColumn('number', 'Number');
data.addColumn('string', 'Method');
data.addColumn('string', 'Class');
data.addColumn('number', 'Time (ms)');
data.addRows(0);
window.suiteTableData['General_test_suite']= { tableData: data, tableDiv: 'times-div-General_test_suite'}
return data;
}
              </script>
              <span class="suite-total-time">Total running time: 0 ms</span>
              <div id="times-div-General_test_suite">
              </div> <!-- times-div-General_test_suite -->
            </div> <!-- times-div -->
          </div> <!-- main-panel-content rounded-window-bottom -->
        </div> <!-- panel -->
        <div panel-name="reporter-Test_suite_for_chrome" class="panel">
          <div class="main-panel-header rounded-window-top">
            <span class="header-content">Reporter output for Test suite for chrome</span>
          </div> <!-- main-panel-header rounded-window-top -->
          <div class="main-panel-content rounded-window-bottom">
            <div class="reporter-method-div">
              <span class="reporter-method-name">testEmail(email@)</span>
              <div class="reporter-method-output-div">
                <span class="reporter-method-output"> Start simple test: testEmail</span>
                <span class="reporter-method-output">Test Method had the following parameters : email@,</span>
                <span class="reporter-method-output">Test Status: Failed</span>
              </div> <!-- reporter-method-output-div -->
            </div> <!-- reporter-method-div -->
            <div class="reporter-method-div">
              <span class="reporter-method-name">testEmail(  email@com.ua)</span>
              <div class="reporter-method-output-div">
                <span class="reporter-method-output"> Start simple test: testEmail</span>
                <span class="reporter-method-output">Test Method had the following parameters :   email@com.ua,</span>
                <span class="reporter-method-output">Test Status: Failed</span>
              </div> <!-- reporter-method-output-div -->
            </div> <!-- reporter-method-div -->
            <div class="reporter-method-div">
              <span class="reporter-method-name">testLoginPositive(emailns@gmail.com, pass, Name Surname)</span>
              <div class="reporter-method-output-div">
                <span class="reporter-method-output"> Start simple test: testLoginPositive</span>
                <span class="reporter-method-output">Test Method had the following parameters : emailns@gmail.com,pass,Name Surname,</span>
                <span class="reporter-method-output">Test Status: Failed</span>
              </div> <!-- reporter-method-output-div -->
            </div> <!-- reporter-method-div -->
            <div class="reporter-method-div">
              <span class="reporter-method-name">testCountCV(emailns@gmail.com, pass, Name Surname)</span>
              <div class="reporter-method-output-div">
                <span class="reporter-method-output"> Start simple test: testCountCV</span>
                <span class="reporter-method-output">Test Method had the following parameters : emailns@gmail.com,pass,Name Surname,</span>
                <span class="reporter-method-output">Test Status: Failed</span>
              </div> <!-- reporter-method-output-div -->
            </div> <!-- reporter-method-div -->
            <div class="reporter-method-div">
              <span class="reporter-method-name">testLoginPositive(emailsn@gmail.com, pass2, NameN SurnameS)</span>
              <div class="reporter-method-output-div">
                <span class="reporter-method-output"> Start simple test: testLoginPositive</span>
                <span class="reporter-method-output">Test Method had the following parameters : emailsn@gmail.com,pass2,NameN SurnameS,</span>
                <span class="reporter-method-output">Test Status: Failed</span>
              </div> <!-- reporter-method-output-div -->
            </div> <!-- reporter-method-div -->
            <div class="reporter-method-div">
              <span class="reporter-method-name">testCountCV(emailsn@gmail.com, pass2, NameN SurnameS)</span>
              <div class="reporter-method-output-div">
                <span class="reporter-method-output"> Start simple test: testCountCV</span>
                <span class="reporter-method-output">Test Method had the following parameters : emailsn@gmail.com,pass2,NameN SurnameS,</span>
                <span class="reporter-method-output">Test Status: Failed</span>
              </div> <!-- reporter-method-output-div -->
            </div> <!-- reporter-method-div -->
            <div class="reporter-method-div">
              <span class="reporter-method-name">testLog</span>
              <div class="reporter-method-output-div">
                <span class="reporter-method-output"> Start simple test: testLog</span>
                <span class="reporter-method-output">Test Status: Failed</span>
              </div> <!-- reporter-method-output-div -->
            </div> <!-- reporter-method-div -->
          </div> <!-- main-panel-content rounded-window-bottom -->
        </div> <!-- panel -->
        <div panel-name="reporter-Test_suite_for_firefox" class="panel">
          <div class="main-panel-header rounded-window-top">
            <span class="header-content">Reporter output for Test suite for firefox</span>
          </div> <!-- main-panel-header rounded-window-top -->
          <div class="main-panel-content rounded-window-bottom">
            <div class="reporter-method-div">
              <span class="reporter-method-name">testCountCV</span>
              <div class="reporter-method-output-div">
                <span class="reporter-method-output">Test Status: Skipped</span>
              </div> <!-- reporter-method-output-div -->
            </div> <!-- reporter-method-div -->
            <div class="reporter-method-div">
              <span class="reporter-method-name">testEmail</span>
              <div class="reporter-method-output-div">
                <span class="reporter-method-output">Test Status: Skipped</span>
              </div> <!-- reporter-method-output-div -->
            </div> <!-- reporter-method-div -->
            <div class="reporter-method-div">
              <span class="reporter-method-name">testLog</span>
              <div class="reporter-method-output-div">
                <span class="reporter-method-output">Test Status: Skipped</span>
              </div> <!-- reporter-method-output-div -->
            </div> <!-- reporter-method-div -->
            <div class="reporter-method-div">
              <span class="reporter-method-name">testLoginPositive</span>
              <div class="reporter-method-output-div">
                <span class="reporter-method-output">Test Status: Skipped</span>
              </div> <!-- reporter-method-output-div -->
            </div> <!-- reporter-method-div -->
            <div class="reporter-method-div">
              <span class="reporter-method-name">testLoginPositive</span>
              <div class="reporter-method-output-div">
                <span class="reporter-method-output">Test Status: Skipped</span>
              </div> <!-- reporter-method-output-div -->
            </div> <!-- reporter-method-div -->
            <div class="reporter-method-div">
              <span class="reporter-method-name">testEmail</span>
              <div class="reporter-method-output-div">
                <span class="reporter-method-output">Test Status: Skipped</span>
              </div> <!-- reporter-method-output-div -->
            </div> <!-- reporter-method-div -->
            <div class="reporter-method-div">
              <span class="reporter-method-name">testCountCV</span>
              <div class="reporter-method-output-div">
                <span class="reporter-method-output">Test Status: Skipped</span>
              </div> <!-- reporter-method-output-div -->
            </div> <!-- reporter-method-div -->
          </div> <!-- main-panel-content rounded-window-bottom -->
        </div> <!-- panel -->
        <div panel-name="reporter-General_test_suite" class="panel">
          <div class="main-panel-header rounded-window-top">
            <span class="header-content">Reporter output for General_test_suite</span>
          </div> <!-- main-panel-header rounded-window-top -->
          <div class="main-panel-content rounded-window-bottom">
          </div> <!-- main-panel-content rounded-window-bottom -->
        </div> <!-- panel -->
        <div panel-name="ignored-methods-Test_suite_for_chrome" class="panel">
          <div class="main-panel-header rounded-window-top">
            <span class="header-content">0 ignored methods</span>
          </div> <!-- main-panel-header rounded-window-top -->
          <div class="main-panel-content rounded-window-bottom">
          </div> <!-- main-panel-content rounded-window-bottom -->
        </div> <!-- panel -->
        <div panel-name="ignored-methods-Test_suite_for_firefox" class="panel">
          <div class="main-panel-header rounded-window-top">
            <span class="header-content">0 ignored methods</span>
          </div> <!-- main-panel-header rounded-window-top -->
          <div class="main-panel-content rounded-window-bottom">
          </div> <!-- main-panel-content rounded-window-bottom -->
        </div> <!-- panel -->
        <div panel-name="ignored-methods-General_test_suite" class="panel">
          <div class="main-panel-header rounded-window-top">
            <span class="header-content">0 ignored methods</span>
          </div> <!-- main-panel-header rounded-window-top -->
          <div class="main-panel-content rounded-window-bottom">
          </div> <!-- main-panel-content rounded-window-bottom -->
        </div> <!-- panel -->
        <div panel-name="chronological-Test_suite_for_chrome" class="panel">
          <div class="main-panel-header rounded-window-top">
            <span class="header-content">Methods in chronological order</span>
          </div> <!-- main-panel-header rounded-window-top -->
          <div class="main-panel-content rounded-window-bottom">
            <div class="chronological-class">
              <div class="chronological-class-name">ua.rabota.TestLogin</div> <!-- chronological-class-name -->
              <div class="configuration-class before">
                <span class="method-name">setUp(chrome)</span>
                <span class="method-start">0 ms</span>
              </div> <!-- configuration-class before -->
              <div class="test-method">
                <img src="failed.png">
                </img>
                <span class="method-name">testEmail(email@)</span>
                <span class="method-start">9934 ms</span>
              </div> <!-- test-method -->
              <div class="configuration-method after">
                <span class="method-name">takeScreenshot([TestResult name=testEmail status=FAILURE method=TestLogin.testEmail(java.lang.String)[pri:0, instan...)</span>
                <span class="method-start">42942 ms</span>
              </div> <!-- configuration-method after -->
              <div class="test-method">
                <img src="failed.png">
                </img>
                <span class="method-name">testEmail(  email@com.ua)</span>
                <span class="method-start">43329 ms</span>
              </div> <!-- test-method -->
              <div class="configuration-method after">
                <span class="method-name">takeScreenshot([TestResult name=testEmail status=FAILURE method=TestLogin.testEmail(java.lang.String)[pri:0, instan...)</span>
                <span class="method-start">74562 ms</span>
              </div> <!-- configuration-method after -->
              <div class="test-method">
                <img src="failed.png">
                </img>
                <span class="method-name">testLoginPositive(emailns@gmail.com, pass, Name Surname)</span>
                <span class="method-start">74940 ms</span>
              </div> <!-- test-method -->
              <div class="configuration-method after">
                <span class="method-name">takeScreenshot([TestResult name=testLoginPositive status=FAILURE method=TestLogin.testLoginPositive(java.lang.Strin...)</span>
                <span class="method-start">106136 ms</span>
              </div> <!-- configuration-method after -->
              <div class="test-method">
                <img src="failed.png">
                </img>
                <span class="method-name">testLoginPositive(emailsn@gmail.com, pass2, NameN SurnameS)</span>
                <span class="method-start">106535 ms</span>
              </div> <!-- test-method -->
              <div class="configuration-method after">
                <span class="method-name">takeScreenshot([TestResult name=testLoginPositive status=FAILURE method=TestLogin.testLoginPositive(java.lang.Strin...)</span>
                <span class="method-start">137693 ms</span>
              </div> <!-- configuration-method after -->
              <div class="test-method">
                <img src="failed.png">
                </img>
                <span class="method-name">testLog</span>
                <span class="method-start">138069 ms</span>
              </div> <!-- test-method -->
              <div class="configuration-method after">
                <span class="method-name">takeScreenshot([TestResult name=testLog status=FAILURE method=TestLogin.testLog()[pri:0, instance:ua.rabota.TestLog...)</span>
                <span class="method-start">169436 ms</span>
              </div> <!-- configuration-method after -->
              <div class="test-method">
                <img src="failed.png">
                </img>
                <span class="method-name">testCountCV(emailns@gmail.com, pass, Name Surname)</span>
                <span class="method-start">169822 ms</span>
              </div> <!-- test-method -->
              <div class="configuration-method after">
                <span class="method-name">takeScreenshot([TestResult name=testCountCV status=FAILURE method=TestLogin.testCountCV(java.lang.String, java.lang...)</span>
                <span class="method-start">200962 ms</span>
              </div> <!-- configuration-method after -->
              <div class="test-method">
                <img src="failed.png">
                </img>
                <span class="method-name">testCountCV(emailsn@gmail.com, pass2, NameN SurnameS)</span>
                <span class="method-start">201336 ms</span>
              </div> <!-- test-method -->
              <div class="configuration-method after">
                <span class="method-name">takeScreenshot([TestResult name=testCountCV status=FAILURE method=TestLogin.testCountCV(java.lang.String, java.lang...)</span>
                <span class="method-start">232570 ms</span>
              </div> <!-- configuration-method after -->
              <div class="configuration-class after">
                <span class="method-name">tearDown</span>
                <span class="method-start">232940 ms</span>
              </div> <!-- configuration-class after -->
          </div> <!-- main-panel-content rounded-window-bottom -->
        </div> <!-- panel -->
        <div panel-name="chronological-Test_suite_for_firefox" class="panel">
          <div class="main-panel-header rounded-window-top">
            <span class="header-content">Methods in chronological order</span>
          </div> <!-- main-panel-header rounded-window-top -->
          <div class="main-panel-content rounded-window-bottom">
            <div class="chronological-class">
              <div class="chronological-class-name">ua.rabota.TestLogin</div> <!-- chronological-class-name -->
              <div class="configuration-class before">
                <img src="failed.png">
                </img>
                <span class="method-name">setUp(firefox)</span>
                <span class="method-start">0 ms</span>
              </div> <!-- configuration-class before -->
              <div class="test-method">
                <span class="method-name">testEmail</span>
                <span class="method-start">6751 ms</span>
              </div> <!-- test-method -->
              <div class="configuration-method after">
                <img src="failed.png">
                </img>
                <span class="method-name">takeScreenshot([TestResult name={null} status=CREATED method=TestLogin.testEmail(java.lang.String)[pri:0, instance:...)</span>
                <span class="method-start">6751 ms</span>
              </div> <!-- configuration-method after -->
              <div class="test-method">
                <span class="method-name">testEmail</span>
                <span class="method-start">6752 ms</span>
              </div> <!-- test-method -->
              <div class="configuration-method after">
                <img src="failed.png">
                </img>
                <span class="method-name">takeScreenshot([TestResult name={null} status=CREATED method=TestLogin.testEmail(java.lang.String)[pri:0, instance:...)</span>
                <span class="method-start">6752 ms</span>
              </div> <!-- configuration-method after -->
              <div class="test-method">
                <span class="method-name">testLoginPositive</span>
                <span class="method-start">6753 ms</span>
              </div> <!-- test-method -->
              <div class="configuration-method after">
                <img src="failed.png">
                </img>
                <span class="method-name">takeScreenshot([TestResult name={null} status=CREATED method=TestLogin.testLoginPositive(java.lang.String, java.lan...)</span>
                <span class="method-start">6753 ms</span>
              </div> <!-- configuration-method after -->
              <div class="test-method">
                <span class="method-name">testLoginPositive</span>
                <span class="method-start">6754 ms</span>
              </div> <!-- test-method -->
              <div class="configuration-method after">
                <img src="failed.png">
                </img>
                <span class="method-name">takeScreenshot([TestResult name={null} status=CREATED method=TestLogin.testLoginPositive(java.lang.String, java.lan...)</span>
                <span class="method-start">6754 ms</span>
              </div> <!-- configuration-method after -->
              <div class="test-method">
                <span class="method-name">testLog</span>
                <span class="method-start">6755 ms</span>
              </div> <!-- test-method -->
              <div class="configuration-method after">
                <img src="failed.png">
                </img>
                <span class="method-name">takeScreenshot([TestResult name={null} status=CREATED method=TestLogin.testLog()[pri:0, instance:ua.rabota.TestLogi...)</span>
                <span class="method-start">6755 ms</span>
              </div> <!-- configuration-method after -->
              <div class="test-method">
                <span class="method-name">testCountCV</span>
                <span class="method-start">6756 ms</span>
              </div> <!-- test-method -->
              <div class="configuration-method after">
                <img src="failed.png">
                </img>
                <span class="method-name">takeScreenshot([TestResult name={null} status=CREATED method=TestLogin.testCountCV(java.lang.String, java.lang.Stri...)</span>
                <span class="method-start">6756 ms</span>
              </div> <!-- configuration-method after -->
              <div class="test-method">
                <span class="method-name">testCountCV</span>
                <span class="method-start">6757 ms</span>
              </div> <!-- test-method -->
              <div class="configuration-method after">
                <img src="failed.png">
                </img>
                <span class="method-name">takeScreenshot([TestResult name={null} status=CREATED method=TestLogin.testCountCV(java.lang.String, java.lang.Stri...)</span>
                <span class="method-start">6757 ms</span>
              </div> <!-- configuration-method after -->
              <div class="configuration-class after">
                <img src="failed.png">
                </img>
                <span class="method-name">tearDown</span>
                <span class="method-start">6757 ms</span>
              </div> <!-- configuration-class after -->
          </div> <!-- main-panel-content rounded-window-bottom -->
        </div> <!-- panel -->
        <div panel-name="chronological-General_test_suite" class="panel">
          <div class="main-panel-header rounded-window-top">
            <span class="header-content">Methods in chronological order</span>
          </div> <!-- main-panel-header rounded-window-top -->
          <div class="main-panel-content rounded-window-bottom">
          </div> <!-- main-panel-content rounded-window-bottom -->
        </div> <!-- panel -->
      </div> <!-- main-panel-root -->
    </div> <!-- wrapper -->
  </body>
</html>
