<?xml version="1.0" encoding="UTF-8"?>
<testsuite xmlns:xsi="http://www.w3.org/2001/XMLSchema-instance" xsi:noNamespaceSchemaLocation="https://maven.apache.org/surefire/maven-surefire-plugin/xsd/surefire-test-report-3.0.xsd" version="3.0" name="TestSuite" time="241.254" tests="23" errors="0" skipped="7" failures="16">
  <properties>
    <property name="java.specification.version" value="13"/>
    <property name="webdriver.chrome.driver" value="src\resources\chromedriver.exe"/>
    <property name="sun.cpu.isalist" value="amd64"/>
    <property name="sun.jnu.encoding" value="Cp1251"/>
    <property name="java.class.path" value="C:\Users\kateryna.rozhanska\IdeaProjects\RabotaUA\target\test-classes;C:\Users\kateryna.rozhanska\IdeaProjects\RabotaUA\target\classes;C:\Users\kateryna.rozhanska\.m2\repository\org\testng\testng\7.1.0\testng-7.1.0.jar;C:\Users\kateryna.rozhanska\.m2\repository\com\beust\jcommander\1.72\jcommander-1.72.jar;C:\Users\kateryna.rozhanska\.m2\repository\com\google\inject\guice\4.1.0\guice-4.1.0-no_aop.jar;C:\Users\kateryna.rozhanska\.m2\repository\javax\inject\javax.inject\1\javax.inject-1.jar;C:\Users\kateryna.rozhanska\.m2\repository\aopalliance\aopalliance\1.0\aopalliance-1.0.jar;C:\Users\kateryna.rozhanska\.m2\repository\org\yaml\snakeyaml\1.21\snakeyaml-1.21.jar;C:\Users\kateryna.rozhanska\.m2\repository\org\seleniumhq\selenium\selenium-java\3.141.59\selenium-java-3.141.59.jar;C:\Users\kateryna.rozhanska\.m2\repository\org\seleniumhq\selenium\selenium-api\3.141.59\selenium-api-3.141.59.jar;C:\Users\kateryna.rozhanska\.m2\repository\org\seleniumhq\selenium\selenium-chrome-driver\3.141.59\selenium-chrome-driver-3.141.59.jar;C:\Users\kateryna.rozhanska\.m2\repository\org\seleniumhq\selenium\selenium-edge-driver\3.141.59\selenium-edge-driver-3.141.59.jar;C:\Users\kateryna.rozhanska\.m2\repository\org\seleniumhq\selenium\selenium-firefox-driver\3.141.59\selenium-firefox-driver-3.141.59.jar;C:\Users\kateryna.rozhanska\.m2\repository\org\seleniumhq\selenium\selenium-ie-driver\3.141.59\selenium-ie-driver-3.141.59.jar;C:\Users\kateryna.rozhanska\.m2\repository\org\seleniumhq\selenium\selenium-opera-driver\3.141.59\selenium-opera-driver-3.141.59.jar;C:\Users\kateryna.rozhanska\.m2\repository\org\seleniumhq\selenium\selenium-remote-driver\3.141.59\selenium-remote-driver-3.141.59.jar;C:\Users\kateryna.rozhanska\.m2\repository\org\seleniumhq\selenium\selenium-safari-driver\3.141.59\selenium-safari-driver-3.141.59.jar;C:\Users\kateryna.rozhanska\.m2\repository\org\seleniumhq\selenium\selenium-support\3.141.59\selenium-support-3.141.59.jar;C:\Users\kateryna.rozhanska\.m2\repository\net\bytebuddy\byte-buddy\1.8.15\byte-buddy-1.8.15.jar;C:\Users\kateryna.rozhanska\.m2\repository\org\apache\commons\commons-exec\1.3\commons-exec-1.3.jar;C:\Users\kateryna.rozhanska\.m2\repository\com\google\guava\guava\25.0-jre\guava-25.0-jre.jar;C:\Users\kateryna.rozhanska\.m2\repository\com\google\code\findbugs\jsr305\1.3.9\jsr305-1.3.9.jar;C:\Users\kateryna.rozhanska\.m2\repository\org\checkerframework\checker-compat-qual\2.0.0\checker-compat-qual-2.0.0.jar;C:\Users\kateryna.rozhanska\.m2\repository\com\google\errorprone\error_prone_annotations\2.1.3\error_prone_annotations-2.1.3.jar;C:\Users\kateryna.rozhanska\.m2\repository\com\google\j2objc\j2objc-annotations\1.1\j2objc-annotations-1.1.jar;C:\Users\kateryna.rozhanska\.m2\repository\org\codehaus\mojo\animal-sniffer-annotations\1.14\animal-sniffer-annotations-1.14.jar;C:\Users\kateryna.rozhanska\.m2\repository\com\squareup\okhttp3\okhttp\3.11.0\okhttp-3.11.0.jar;C:\Users\kateryna.rozhanska\.m2\repository\com\squareup\okio\okio\1.14.0\okio-1.14.0.jar;C:\Users\kateryna.rozhanska\.m2\repository\org\apache\commons\commons-lang3\3.1\commons-lang3-3.1.jar;C:\Users\kateryna.rozhanska\.m2\repository\commons-io\commons-io\2.1\commons-io-2.1.jar;"/>
    <property name="java.vm.vendor" value="Oracle Corporation"/>
    <property name="sun.arch.data.model" value="64"/>
    <property name="user.variant" value=""/>
    <property name="java.vendor.url" value="https://java.oracle.com/"/>
    <property name="user.timezone" value="Europe/Kiev"/>
    <property name="user.country.format" value="UA"/>
    <property name="os.name" value="Windows 10"/>
    <property name="java.vm.specification.version" value="13"/>
    <property name="sun.java.launcher" value="SUN_STANDARD"/>
    <property name="user.country" value="RU"/>
    <property name="sun.boot.library.path" value="C:\Program Files\Java\jdk-13.0.2\bin"/>
    <property name="sun.java.command" value="C:\Users\kateryna.rozhanska\AppData\Local\Temp\surefire12622056888486401402\surefirebooter17458079266810156505.jar C:\Users\kateryna.rozhanska\AppData\Local\Temp\surefire12622056888486401402 2020-02-18T15-37-53_807-jvmRun1 surefire9051063422700646944tmp surefire_08265643681615648081tmp"/>
    <property name="jdk.debug" value="release"/>
    <property name="surefire.test.class.path" value="C:\Users\kateryna.rozhanska\IdeaProjects\RabotaUA\target\test-classes;C:\Users\kateryna.rozhanska\IdeaProjects\RabotaUA\target\classes;C:\Users\kateryna.rozhanska\.m2\repository\org\testng\testng\7.1.0\testng-7.1.0.jar;C:\Users\kateryna.rozhanska\.m2\repository\com\beust\jcommander\1.72\jcommander-1.72.jar;C:\Users\kateryna.rozhanska\.m2\repository\com\google\inject\guice\4.1.0\guice-4.1.0-no_aop.jar;C:\Users\kateryna.rozhanska\.m2\repository\javax\inject\javax.inject\1\javax.inject-1.jar;C:\Users\kateryna.rozhanska\.m2\repository\aopalliance\aopalliance\1.0\aopalliance-1.0.jar;C:\Users\kateryna.rozhanska\.m2\repository\org\yaml\snakeyaml\1.21\snakeyaml-1.21.jar;C:\Users\kateryna.rozhanska\.m2\repository\org\seleniumhq\selenium\selenium-java\3.141.59\selenium-java-3.141.59.jar;C:\Users\kateryna.rozhanska\.m2\repository\org\seleniumhq\selenium\selenium-api\3.141.59\selenium-api-3.141.59.jar;C:\Users\kateryna.rozhanska\.m2\repository\org\seleniumhq\selenium\selenium-chrome-driver\3.141.59\selenium-chrome-driver-3.141.59.jar;C:\Users\kateryna.rozhanska\.m2\repository\org\seleniumhq\selenium\selenium-edge-driver\3.141.59\selenium-edge-driver-3.141.59.jar;C:\Users\kateryna.rozhanska\.m2\repository\org\seleniumhq\selenium\selenium-firefox-driver\3.141.59\selenium-firefox-driver-3.141.59.jar;C:\Users\kateryna.rozhanska\.m2\repository\org\seleniumhq\selenium\selenium-ie-driver\3.141.59\selenium-ie-driver-3.141.59.jar;C:\Users\kateryna.rozhanska\.m2\repository\org\seleniumhq\selenium\selenium-opera-driver\3.141.59\selenium-opera-driver-3.141.59.jar;C:\Users\kateryna.rozhanska\.m2\repository\org\seleniumhq\selenium\selenium-remote-driver\3.141.59\selenium-remote-driver-3.141.59.jar;C:\Users\kateryna.rozhanska\.m2\repository\org\seleniumhq\selenium\selenium-safari-driver\3.141.59\selenium-safari-driver-3.141.59.jar;C:\Users\kateryna.rozhanska\.m2\repository\org\seleniumhq\selenium\selenium-support\3.141.59\selenium-support-3.141.59.jar;C:\Users\kateryna.rozhanska\.m2\repository\net\bytebuddy\byte-buddy\1.8.15\byte-buddy-1.8.15.jar;C:\Users\kateryna.rozhanska\.m2\repository\org\apache\commons\commons-exec\1.3\commons-exec-1.3.jar;C:\Users\kateryna.rozhanska\.m2\repository\com\google\guava\guava\25.0-jre\guava-25.0-jre.jar;C:\Users\kateryna.rozhanska\.m2\repository\com\google\code\findbugs\jsr305\1.3.9\jsr305-1.3.9.jar;C:\Users\kateryna.rozhanska\.m2\repository\org\checkerframework\checker-compat-qual\2.0.0\checker-compat-qual-2.0.0.jar;C:\Users\kateryna.rozhanska\.m2\repository\com\google\errorprone\error_prone_annotations\2.1.3\error_prone_annotations-2.1.3.jar;C:\Users\kateryna.rozhanska\.m2\repository\com\google\j2objc\j2objc-annotations\1.1\j2objc-annotations-1.1.jar;C:\Users\kateryna.rozhanska\.m2\repository\org\codehaus\mojo\animal-sniffer-annotations\1.14\animal-sniffer-annotations-1.14.jar;C:\Users\kateryna.rozhanska\.m2\repository\com\squareup\okhttp3\okhttp\3.11.0\okhttp-3.11.0.jar;C:\Users\kateryna.rozhanska\.m2\repository\com\squareup\okio\okio\1.14.0\okio-1.14.0.jar;C:\Users\kateryna.rozhanska\.m2\repository\org\apache\commons\commons-lang3\3.1\commons-lang3-3.1.jar;C:\Users\kateryna.rozhanska\.m2\repository\commons-io\commons-io\2.1\commons-io-2.1.jar;"/>
    <property name="sun.cpu.endian" value="little"/>
    <property name="user.home" value="C:\Users\kateryna.rozhanska"/>
    <property name="user.language" value="ru"/>
    <property name="java.specification.vendor" value="Oracle Corporation"/>
    <property name="java.version.date" value="2020-01-14"/>
    <property name="java.home" value="C:\Program Files\Java\jdk-13.0.2"/>
    <property name="file.separator" value="\"/>
    <property name="basedir" value="C:\Users\kateryna.rozhanska\IdeaProjects\RabotaUA"/>
    <property name="java.vm.compressedOopsMode" value="Zero based"/>
    <property name="line.separator" value="&#10;"/>
    <property name="java.vm.specification.vendor" value="Oracle Corporation"/>
    <property name="java.specification.name" value="Java Platform API Specification"/>
    <property name="surefire.real.class.path" value="C:\Users\kateryna.rozhanska\AppData\Local\Temp\surefire12622056888486401402\surefirebooter17458079266810156505.jar"/>
    <property name="user.script" value=""/>
    <property name="sun.management.compiler" value="HotSpot 64-Bit Tiered Compilers"/>
    <property name="java.runtime.version" value="13.0.2+8"/>
    <property name="user.name" value="kateryna.rozhanska"/>
    <property name="path.separator" value=";"/>
    <property name="os.version" value="10.0"/>
    <property name="java.runtime.name" value="Java(TM) SE Runtime Environment"/>
    <property name="file.encoding" value="Cp1251"/>
    <property name="java.vm.name" value="Java HotSpot(TM) 64-Bit Server VM"/>
    <property name="localRepository" value="C:\Users\kateryna.rozhanska\.m2\repository"/>
    <property name="java.vendor.url.bug" value="https://bugreport.java.com/bugreport/"/>
    <property name="java.io.tmpdir" value="C:\Users\KATERY~1.ROZ\AppData\Local\Temp\"/>
    <property name="java.version" value="13.0.2"/>
    <property name="user.dir" value="C:\Users\kateryna.rozhanska\IdeaProjects\RabotaUA"/>
    <property name="os.arch" value="amd64"/>
    <property name="webdriver.gecko.driver" value="src\resources\geckodriver.exe"/>
    <property name="java.vm.specification.name" value="Java Virtual Machine Specification"/>
    <property name="user.language.format" value="uk"/>
    <property name="sun.os.patch.level" value=""/>
    <property name="java.library.path" value="C:\Program Files\Java\jdk-13.0.2\bin;C:\WINDOWS\Sun\Java\bin;C:\WINDOWS\system32;C:\WINDOWS;C:\Program Files (x86)\Common Files\Oracle\Java\javapath;C:\ProgramData\Oracle\Java\javapath;C:\WINDOWS\system32;C:\WINDOWS;C:\WINDOWS\System32\Wbem;C:\WINDOWS\System32\WindowsPowerShell\v1.0\;C:\Program Files\TortoiseGit\bin;C:\Program Files\TortoiseSVN\bin;C:\Program Files\TortoiseHg\;C:\Program Files (x86)\Microsoft SQL Server\Client SDK\ODBC\130\Tools\Binn\;C:\Program Files (x86)\Microsoft SQL Server\140\Tools\Binn\;C:\Program Files (x86)\Microsoft SQL Server\140\DTS\Binn\;C:\Program Files (x86)\Microsoft SQL Server\140\Tools\Binn\ManagementStudio\;C:\Program Files (x86)\Microsoft SQL Server\100\Tools\Binn\;C:\Program Files\Microsoft SQL Server\100\Tools\Binn\;C:\Program Files\Microsoft SQL Server\100\DTS\Binn\;C:\Program Files (x86)\Microsoft SQL Server\100\Tools\Binn\VSShell\Common7\IDE\;C:\Program Files (x86)\Microsoft Visual Studio 9.0\Common7\IDE\PrivateAssemblies\;C:\Program Files (x86)\Microsoft SQL Server\100\DTS\Binn\;C:\Program Files\Microsoft SQL Server\130\Tools\Binn\;C:\Program Files (x86)\Microsoft SQL Server\110\DTS\Binn\;C:\Program Files (x86)\Microsoft SQL Server\120\DTS\Binn\;C:\Program Files (x86)\Microsoft SQL Server\130\DTS\Binn\;C:\Program Files\Microsoft SQL Server\Client SDK\ODBC\130\Tools\Binn\;C:\Program Files\Microsoft SQL Server\140\Tools\Binn\;C:\Program Files\Microsoft SQL Server\140\DTS\Binn\;C:\WINDOWS\System32\OpenSSH\;C:\Program Files\Java\jdk-9.0.1\bin;C:\Program Files\apache-maven-3.6.3\bin;C:\Program Files\Java\jdk-13.0.2\bin;C:\Program Files\Git\cmd;C:\Users\kateryna.rozhanska\AppData\Local\Microsoft\WindowsApps;C:\Program Files\Java\jdk-9.0.1\bin;;C:\Program Files\JetBrains\IntelliJ IDEA Community Edition 2019.3.2\bin;;."/>
    <property name="java.vm.info" value="mixed mode, sharing"/>
    <property name="java.vendor" value="Oracle Corporation"/>
    <property name="java.vm.version" value="13.0.2+8"/>
    <property name="sun.io.unicode.encoding" value="UnicodeLittle"/>
    <property name="java.class.version" value="57.0"/>
  </properties>
  <testcase name="testEmail" classname="ua.rabota.TestLogin" time="33.007">
    <failure message="no such element: Unable to locate element: {&quot;method&quot;:&quot;xpath&quot;,&quot;selector&quot;:&quot;.//*[@id=&apos;Header_header&apos;]/div/header/div/div/ul/li[4]/a[1]/label/span&quot;}&#10;  (Session info: chrome=80.0.3987.100)&#10;For documentation on this error, please visit: https://www.seleniumhq.org/exceptions/no_such_element.html&#10;Build info: version: &apos;3.141.59&apos;, revision: &apos;e82be7d358&apos;, time: &apos;2018-11-14T08:17:03&apos;&#10;System info: host: &apos;WS-LV-CP1379&apos;, ip: &apos;172.25.12.123&apos;, os.name: &apos;Windows 10&apos;, os.arch: &apos;amd64&apos;, os.version: &apos;10.0&apos;, java.version: &apos;13.0.2&apos;&#10;Driver info: org.openqa.selenium.chrome.ChromeDriver&#10;Capabilities {acceptInsecureCerts: false, browserName: chrome, browserVersion: 80.0.3987.100, chrome: {chromedriverVersion: 79.0.3945.36 (3582db32b3389..., userDataDir: C:\Users\KATERY~1.ROZ\AppDa...}, goog:chromeOptions: {debuggerAddress: localhost:54959}, javascriptEnabled: true, networkConnectionEnabled: false, pageLoadStrategy: normal, platform: WINDOWS, platformName: WINDOWS, proxy: Proxy(), setWindowRect: true, strictFileInteractability: false, timeouts: {implicit: 0, pageLoad: 300000, script: 30000}, unhandledPromptBehavior: dismiss and notify}&#10;Session ID: 6afa921f79821a004c410d41106b6fa7&#10;*** Element info: {Using=xpath, value=.//*[@id=&apos;Header_header&apos;]/div/header/div/div/ul/li[4]/a[1]/label/span}" type="org.openqa.selenium.NoSuchElementException"><![CDATA[org.openqa.selenium.NoSuchElementException: 
no such element: Unable to locate element: {"method":"xpath","selector":".//*[@id='Header_header']/div/header/div/div/ul/li[4]/a[1]/label/span"}
  (Session info: chrome=80.0.3987.100)
For documentation on this error, please visit: https://www.seleniumhq.org/exceptions/no_such_element.html
Build info: version: '3.141.59', revision: 'e82be7d358', time: '2018-11-14T08:17:03'
System info: host: 'WS-LV-CP1379', ip: '172.25.12.123', os.name: 'Windows 10', os.arch: 'amd64', os.version: '10.0', java.version: '13.0.2'
Driver info: org.openqa.selenium.chrome.ChromeDriver
Capabilities {acceptInsecureCerts: false, browserName: chrome, browserVersion: 80.0.3987.100, chrome: {chromedriverVersion: 79.0.3945.36 (3582db32b3389..., userDataDir: C:\Users\KATERY~1.ROZ\AppDa...}, goog:chromeOptions: {debuggerAddress: localhost:54959}, javascriptEnabled: true, networkConnectionEnabled: false, pageLoadStrategy: normal, platform: WINDOWS, platformName: WINDOWS, proxy: Proxy(), setWindowRect: true, strictFileInteractability: false, timeouts: {implicit: 0, pageLoad: 300000, script: 30000}, unhandledPromptBehavior: dismiss and notify}
Session ID: 6afa921f79821a004c410d41106b6fa7
*** Element info: {Using=xpath, value=.//*[@id='Header_header']/div/header/div/div/ul/li[4]/a[1]/label/span}
	at ua.rabota.TestLogin.testEmail(TestLogin.java:63)
]]></failure>
    <system-out><![CDATA[[TestNG] [WARN] Ignoring duplicate listener : ua.rabota.Listener
[TestNG] [WARN] Ignoring duplicate listener : ua.rabota.Listener
Start execute Suite: Test suite for chrome

 Start Tests: Chrome test
 Start simple test: testEmail
]]></system-out>
    <system-err><![CDATA[Starting ChromeDriver 79.0.3945.36 (3582db32b33893869b8c1339e8f4d9ed1816f143-refs/branch-heads/3945@{#614}) on port 41669
Only local connections are allowed.
Please protect ports used by ChromeDriver and related test frameworks to prevent access by malicious code.
[1582033076.915][WARNING]: This version of ChromeDriver has not been tested with Chrome version 80.
[1582033078.988][WARNING]: Timed out connecting to Chrome, retrying...
лют. 18, 2020 3:38:01 ПП org.openqa.selenium.remote.ProtocolHandshake createSession
INFO: Detected dialect: W3C
[1582033083.062][WARNING]: Timed out connecting to Chrome, retrying...
]]></system-err>
  </testcase>
  <testcase name="testEmail" classname="ua.rabota.TestLogin" time="31.234">
    <failure message="no such element: Unable to locate element: {&quot;method&quot;:&quot;xpath&quot;,&quot;selector&quot;:&quot;.//*[@id=&apos;Header_header&apos;]/div/header/div/div/ul/li[4]/a[1]/label/span&quot;}&#10;  (Session info: chrome=80.0.3987.100)&#10;For documentation on this error, please visit: https://www.seleniumhq.org/exceptions/no_such_element.html&#10;Build info: version: &apos;3.141.59&apos;, revision: &apos;e82be7d358&apos;, time: &apos;2018-11-14T08:17:03&apos;&#10;System info: host: &apos;WS-LV-CP1379&apos;, ip: &apos;172.25.12.123&apos;, os.name: &apos;Windows 10&apos;, os.arch: &apos;amd64&apos;, os.version: &apos;10.0&apos;, java.version: &apos;13.0.2&apos;&#10;Driver info: org.openqa.selenium.chrome.ChromeDriver&#10;Capabilities {acceptInsecureCerts: false, browserName: chrome, browserVersion: 80.0.3987.100, chrome: {chromedriverVersion: 79.0.3945.36 (3582db32b3389..., userDataDir: C:\Users\KATERY~1.ROZ\AppDa...}, goog:chromeOptions: {debuggerAddress: localhost:54959}, javascriptEnabled: true, networkConnectionEnabled: false, pageLoadStrategy: normal, platform: WINDOWS, platformName: WINDOWS, proxy: Proxy(), setWindowRect: true, strictFileInteractability: false, timeouts: {implicit: 0, pageLoad: 300000, script: 30000}, unhandledPromptBehavior: dismiss and notify}&#10;Session ID: 6afa921f79821a004c410d41106b6fa7&#10;*** Element info: {Using=xpath, value=.//*[@id=&apos;Header_header&apos;]/div/header/div/div/ul/li[4]/a[1]/label/span}" type="org.openqa.selenium.NoSuchElementException"><![CDATA[org.openqa.selenium.NoSuchElementException: 
no such element: Unable to locate element: {"method":"xpath","selector":".//*[@id='Header_header']/div/header/div/div/ul/li[4]/a[1]/label/span"}
  (Session info: chrome=80.0.3987.100)
For documentation on this error, please visit: https://www.seleniumhq.org/exceptions/no_such_element.html
Build info: version: '3.141.59', revision: 'e82be7d358', time: '2018-11-14T08:17:03'
System info: host: 'WS-LV-CP1379', ip: '172.25.12.123', os.name: 'Windows 10', os.arch: 'amd64', os.version: '10.0', java.version: '13.0.2'
Driver info: org.openqa.selenium.chrome.ChromeDriver
Capabilities {acceptInsecureCerts: false, browserName: chrome, browserVersion: 80.0.3987.100, chrome: {chromedriverVersion: 79.0.3945.36 (3582db32b3389..., userDataDir: C:\Users\KATERY~1.ROZ\AppDa...}, goog:chromeOptions: {debuggerAddress: localhost:54959}, javascriptEnabled: true, networkConnectionEnabled: false, pageLoadStrategy: normal, platform: WINDOWS, platformName: WINDOWS, proxy: Proxy(), setWindowRect: true, strictFileInteractability: false, timeouts: {implicit: 0, pageLoad: 300000, script: 30000}, unhandledPromptBehavior: dismiss and notify}
Session ID: 6afa921f79821a004c410d41106b6fa7
*** Element info: {Using=xpath, value=.//*[@id='Header_header']/div/header/div/div/ul/li[4]/a[1]/label/span}
	at ua.rabota.TestLogin.testEmail(TestLogin.java:63)
]]></failure>
    <system-out><![CDATA[Test Method had the following parameters : email@,
Test Status: Failed
 Start simple test: testEmail
]]></system-out>
  </testcase>
  <testcase name="testEmail" classname="ua.rabota.TestLogin" time="0">
    <skipped message="newSession&#10;Build info: version: &apos;3.141.59&apos;, revision: &apos;e82be7d358&apos;, time: &apos;2018-11-14T08:17:03&apos;&#10;System info: host: &apos;WS-LV-CP1379&apos;, ip: &apos;172.25.12.123&apos;, os.name: &apos;Windows 10&apos;, os.arch: &apos;amd64&apos;, os.version: &apos;10.0&apos;, java.version: &apos;13.0.2&apos;&#10;Driver info: driver.version: FirefoxDriver&#10;remote stacktrace: stack backtrace:&#10;   0:   0x49dbf6 - &lt;no info&gt;&#10;   1:   0x435fd7 - &lt;no info&gt;&#10;   2:   0x442e70 - &lt;no info&gt;&#10;   3:   0x440e95 - &lt;no info&gt;&#10;   4:   0x41bb48 - &lt;no info&gt;&#10;   5:   0x404309 - &lt;no info&gt;&#10;   6:   0x4066b7 - &lt;no info&gt;&#10;   7:   0x687086 - &lt;no info&gt;&#10;   8:   0x413b48 - &lt;no info&gt;&#10;   9:   0x6823d1 - &lt;no info&gt;&#10;  10: 0x752f6359 - BaseThreadInitThunk&#10;  11: 0x771c7b74 - RtlGetAppContainerNamedObjectPath"/>
    <system-out><![CDATA[ Start simple test: testEmail
]]></system-out>
  </testcase>
  <testcase name="testEmail" classname="ua.rabota.TestLogin" time="0">
    <skipped/>
    <system-out><![CDATA[ Start simple test: testEmail
]]></system-out>
  </testcase>
  <testcase name="testLoginPositive" classname="ua.rabota.TestLogin" time="31.2">
    <failure message="no such element: Unable to locate element: {&quot;method&quot;:&quot;xpath&quot;,&quot;selector&quot;:&quot;.//*[@id=&apos;Header_header&apos;]/div/header/div/div/ul/li[4]/a[1]/label/span&quot;}&#10;  (Session info: chrome=80.0.3987.100)&#10;For documentation on this error, please visit: https://www.seleniumhq.org/exceptions/no_such_element.html&#10;Build info: version: &apos;3.141.59&apos;, revision: &apos;e82be7d358&apos;, time: &apos;2018-11-14T08:17:03&apos;&#10;System info: host: &apos;WS-LV-CP1379&apos;, ip: &apos;172.25.12.123&apos;, os.name: &apos;Windows 10&apos;, os.arch: &apos;amd64&apos;, os.version: &apos;10.0&apos;, java.version: &apos;13.0.2&apos;&#10;Driver info: org.openqa.selenium.chrome.ChromeDriver&#10;Capabilities {acceptInsecureCerts: false, browserName: chrome, browserVersion: 80.0.3987.100, chrome: {chromedriverVersion: 79.0.3945.36 (3582db32b3389..., userDataDir: C:\Users\KATERY~1.ROZ\AppDa...}, goog:chromeOptions: {debuggerAddress: localhost:54959}, javascriptEnabled: true, networkConnectionEnabled: false, pageLoadStrategy: normal, platform: WINDOWS, platformName: WINDOWS, proxy: Proxy(), setWindowRect: true, strictFileInteractability: false, timeouts: {implicit: 0, pageLoad: 300000, script: 30000}, unhandledPromptBehavior: dismiss and notify}&#10;Session ID: 6afa921f79821a004c410d41106b6fa7&#10;*** Element info: {Using=xpath, value=.//*[@id=&apos;Header_header&apos;]/div/header/div/div/ul/li[4]/a[1]/label/span}" type="org.openqa.selenium.NoSuchElementException"><![CDATA[org.openqa.selenium.NoSuchElementException: 
no such element: Unable to locate element: {"method":"xpath","selector":".//*[@id='Header_header']/div/header/div/div/ul/li[4]/a[1]/label/span"}
  (Session info: chrome=80.0.3987.100)
For documentation on this error, please visit: https://www.seleniumhq.org/exceptions/no_such_element.html
Build info: version: '3.141.59', revision: 'e82be7d358', time: '2018-11-14T08:17:03'
System info: host: 'WS-LV-CP1379', ip: '172.25.12.123', os.name: 'Windows 10', os.arch: 'amd64', os.version: '10.0', java.version: '13.0.2'
Driver info: org.openqa.selenium.chrome.ChromeDriver
Capabilities {acceptInsecureCerts: false, browserName: chrome, browserVersion: 80.0.3987.100, chrome: {chromedriverVersion: 79.0.3945.36 (3582db32b3389..., userDataDir: C:\Users\KATERY~1.ROZ\AppDa...}, goog:chromeOptions: {debuggerAddress: localhost:54959}, javascriptEnabled: true, networkConnectionEnabled: false, pageLoadStrategy: normal, platform: WINDOWS, platformName: WINDOWS, proxy: Proxy(), setWindowRect: true, strictFileInteractability: false, timeouts: {implicit: 0, pageLoad: 300000, script: 30000}, unhandledPromptBehavior: dismiss and notify}
Session ID: 6afa921f79821a004c410d41106b6fa7
*** Element info: {Using=xpath, value=.//*[@id='Header_header']/div/header/div/div/ul/li[4]/a[1]/label/span}
	at ua.rabota.TestLogin.testLoginPositive(TestLogin.java:82)
]]></failure>
    <system-out><![CDATA[Test Method had the following parameters :   email@com.ua,
Test Status: Failed
 Start simple test: testLoginPositive
]]></system-out>
  </testcase>
  <testcase name="testLoginPositive" classname="ua.rabota.TestLogin" time="31.159">
    <failure message="no such element: Unable to locate element: {&quot;method&quot;:&quot;xpath&quot;,&quot;selector&quot;:&quot;.//*[@id=&apos;Header_header&apos;]/div/header/div/div/ul/li[4]/a[1]/label/span&quot;}&#10;  (Session info: chrome=80.0.3987.100)&#10;For documentation on this error, please visit: https://www.seleniumhq.org/exceptions/no_such_element.html&#10;Build info: version: &apos;3.141.59&apos;, revision: &apos;e82be7d358&apos;, time: &apos;2018-11-14T08:17:03&apos;&#10;System info: host: &apos;WS-LV-CP1379&apos;, ip: &apos;172.25.12.123&apos;, os.name: &apos;Windows 10&apos;, os.arch: &apos;amd64&apos;, os.version: &apos;10.0&apos;, java.version: &apos;13.0.2&apos;&#10;Driver info: org.openqa.selenium.chrome.ChromeDriver&#10;Capabilities {acceptInsecureCerts: false, browserName: chrome, browserVersion: 80.0.3987.100, chrome: {chromedriverVersion: 79.0.3945.36 (3582db32b3389..., userDataDir: C:\Users\KATERY~1.ROZ\AppDa...}, goog:chromeOptions: {debuggerAddress: localhost:54959}, javascriptEnabled: true, networkConnectionEnabled: false, pageLoadStrategy: normal, platform: WINDOWS, platformName: WINDOWS, proxy: Proxy(), setWindowRect: true, strictFileInteractability: false, timeouts: {implicit: 0, pageLoad: 300000, script: 30000}, unhandledPromptBehavior: dismiss and notify}&#10;Session ID: 6afa921f79821a004c410d41106b6fa7&#10;*** Element info: {Using=xpath, value=.//*[@id=&apos;Header_header&apos;]/div/header/div/div/ul/li[4]/a[1]/label/span}" type="org.openqa.selenium.NoSuchElementException"><![CDATA[org.openqa.selenium.NoSuchElementException: 
no such element: Unable to locate element: {"method":"xpath","selector":".//*[@id='Header_header']/div/header/div/div/ul/li[4]/a[1]/label/span"}
  (Session info: chrome=80.0.3987.100)
For documentation on this error, please visit: https://www.seleniumhq.org/exceptions/no_such_element.html
Build info: version: '3.141.59', revision: 'e82be7d358', time: '2018-11-14T08:17:03'
System info: host: 'WS-LV-CP1379', ip: '172.25.12.123', os.name: 'Windows 10', os.arch: 'amd64', os.version: '10.0', java.version: '13.0.2'
Driver info: org.openqa.selenium.chrome.ChromeDriver
Capabilities {acceptInsecureCerts: false, browserName: chrome, browserVersion: 80.0.3987.100, chrome: {chromedriverVersion: 79.0.3945.36 (3582db32b3389..., userDataDir: C:\Users\KATERY~1.ROZ\AppDa...}, goog:chromeOptions: {debuggerAddress: localhost:54959}, javascriptEnabled: true, networkConnectionEnabled: false, pageLoadStrategy: normal, platform: WINDOWS, platformName: WINDOWS, proxy: Proxy(), setWindowRect: true, strictFileInteractability: false, timeouts: {implicit: 0, pageLoad: 300000, script: 30000}, unhandledPromptBehavior: dismiss and notify}
Session ID: 6afa921f79821a004c410d41106b6fa7
*** Element info: {Using=xpath, value=.//*[@id='Header_header']/div/header/div/div/ul/li[4]/a[1]/label/span}
	at ua.rabota.TestLogin.testLoginPositive(TestLogin.java:82)
]]></failure>
    <system-out><![CDATA[Test Method had the following parameters : emailns@gmail.com,pass,Name Surname,
Test Status: Failed
 Start simple test: testLoginPositive
]]></system-out>
  </testcase>
  <testcase name="testLoginPositive" classname="ua.rabota.TestLogin" time="0">
    <skipped/>
    <system-out><![CDATA[ Start simple test: testLoginPositive
]]></system-out>
  </testcase>
  <testcase name="testLoginPositive" classname="ua.rabota.TestLogin" time="0">
    <skipped/>
    <system-out><![CDATA[ Start simple test: testLoginPositive
]]></system-out>
  </testcase>
  <testcase name="testLog" classname="ua.rabota.TestLogin" time="31.369">
    <failure message="no such element: Unable to locate element: {&quot;method&quot;:&quot;xpath&quot;,&quot;selector&quot;:&quot;.//*[@id=&apos;Header_header&apos;]/div/header/div/div/ul/li[4]/a[1]/label/span&quot;}&#10;  (Session info: chrome=80.0.3987.100)&#10;For documentation on this error, please visit: https://www.seleniumhq.org/exceptions/no_such_element.html&#10;Build info: version: &apos;3.141.59&apos;, revision: &apos;e82be7d358&apos;, time: &apos;2018-11-14T08:17:03&apos;&#10;System info: host: &apos;WS-LV-CP1379&apos;, ip: &apos;172.25.12.123&apos;, os.name: &apos;Windows 10&apos;, os.arch: &apos;amd64&apos;, os.version: &apos;10.0&apos;, java.version: &apos;13.0.2&apos;&#10;Driver info: org.openqa.selenium.chrome.ChromeDriver&#10;Capabilities {acceptInsecureCerts: false, browserName: chrome, browserVersion: 80.0.3987.100, chrome: {chromedriverVersion: 79.0.3945.36 (3582db32b3389..., userDataDir: C:\Users\KATERY~1.ROZ\AppDa...}, goog:chromeOptions: {debuggerAddress: localhost:54959}, javascriptEnabled: true, networkConnectionEnabled: false, pageLoadStrategy: normal, platform: WINDOWS, platformName: WINDOWS, proxy: Proxy(), setWindowRect: true, strictFileInteractability: false, timeouts: {implicit: 0, pageLoad: 300000, script: 30000}, unhandledPromptBehavior: dismiss and notify}&#10;Session ID: 6afa921f79821a004c410d41106b6fa7&#10;*** Element info: {Using=xpath, value=.//*[@id=&apos;Header_header&apos;]/div/header/div/div/ul/li[4]/a[1]/label/span}" type="org.openqa.selenium.NoSuchElementException"><![CDATA[org.openqa.selenium.NoSuchElementException: 
no such element: Unable to locate element: {"method":"xpath","selector":".//*[@id='Header_header']/div/header/div/div/ul/li[4]/a[1]/label/span"}
  (Session info: chrome=80.0.3987.100)
For documentation on this error, please visit: https://www.seleniumhq.org/exceptions/no_such_element.html
Build info: version: '3.141.59', revision: 'e82be7d358', time: '2018-11-14T08:17:03'
System info: host: 'WS-LV-CP1379', ip: '172.25.12.123', os.name: 'Windows 10', os.arch: 'amd64', os.version: '10.0', java.version: '13.0.2'
Driver info: org.openqa.selenium.chrome.ChromeDriver
Capabilities {acceptInsecureCerts: false, browserName: chrome, browserVersion: 80.0.3987.100, chrome: {chromedriverVersion: 79.0.3945.36 (3582db32b3389..., userDataDir: C:\Users\KATERY~1.ROZ\AppDa...}, goog:chromeOptions: {debuggerAddress: localhost:54959}, javascriptEnabled: true, networkConnectionEnabled: false, pageLoadStrategy: normal, platform: WINDOWS, platformName: WINDOWS, proxy: Proxy(), setWindowRect: true, strictFileInteractability: false, timeouts: {implicit: 0, pageLoad: 300000, script: 30000}, unhandledPromptBehavior: dismiss and notify}
Session ID: 6afa921f79821a004c410d41106b6fa7
*** Element info: {Using=xpath, value=.//*[@id='Header_header']/div/header/div/div/ul/li[4]/a[1]/label/span}
	at ua.rabota.TestLogin.testLog(TestLogin.java:45)
]]></failure>
    <system-out><![CDATA[Test Method had the following parameters : emailsn@gmail.com,pass2,NameN SurnameS,
Test Status: Failed
 Start simple test: testLog
]]></system-out>
  </testcase>
  <testcase name="testLog" classname="ua.rabota.TestLogin" time="0">
    <skipped/>
    <system-out><![CDATA[ Start simple test: testLog
]]></system-out>
  </testcase>
  <testcase name="testCountCV" classname="ua.rabota.TestLogin" time="31.139">
    <failure message="no such element: Unable to locate element: {&quot;method&quot;:&quot;xpath&quot;,&quot;selector&quot;:&quot;.//*[@id=&apos;Header_header&apos;]/div/header/div/div/ul/li[4]/a[1]/label/span&quot;}&#10;  (Session info: chrome=80.0.3987.100)&#10;For documentation on this error, please visit: https://www.seleniumhq.org/exceptions/no_such_element.html&#10;Build info: version: &apos;3.141.59&apos;, revision: &apos;e82be7d358&apos;, time: &apos;2018-11-14T08:17:03&apos;&#10;System info: host: &apos;WS-LV-CP1379&apos;, ip: &apos;172.25.12.123&apos;, os.name: &apos;Windows 10&apos;, os.arch: &apos;amd64&apos;, os.version: &apos;10.0&apos;, java.version: &apos;13.0.2&apos;&#10;Driver info: org.openqa.selenium.chrome.ChromeDriver&#10;Capabilities {acceptInsecureCerts: false, browserName: chrome, browserVersion: 80.0.3987.100, chrome: {chromedriverVersion: 79.0.3945.36 (3582db32b3389..., userDataDir: C:\Users\KATERY~1.ROZ\AppDa...}, goog:chromeOptions: {debuggerAddress: localhost:54959}, javascriptEnabled: true, networkConnectionEnabled: false, pageLoadStrategy: normal, platform: WINDOWS, platformName: WINDOWS, proxy: Proxy(), setWindowRect: true, strictFileInteractability: false, timeouts: {implicit: 0, pageLoad: 300000, script: 30000}, unhandledPromptBehavior: dismiss and notify}&#10;Session ID: 6afa921f79821a004c410d41106b6fa7&#10;*** Element info: {Using=xpath, value=.//*[@id=&apos;Header_header&apos;]/div/header/div/div/ul/li[4]/a[1]/label/span}" type="org.openqa.selenium.NoSuchElementException"><![CDATA[org.openqa.selenium.NoSuchElementException: 
no such element: Unable to locate element: {"method":"xpath","selector":".//*[@id='Header_header']/div/header/div/div/ul/li[4]/a[1]/label/span"}
  (Session info: chrome=80.0.3987.100)
For documentation on this error, please visit: https://www.seleniumhq.org/exceptions/no_such_element.html
Build info: version: '3.141.59', revision: 'e82be7d358', time: '2018-11-14T08:17:03'
System info: host: 'WS-LV-CP1379', ip: '172.25.12.123', os.name: 'Windows 10', os.arch: 'amd64', os.version: '10.0', java.version: '13.0.2'
Driver info: org.openqa.selenium.chrome.ChromeDriver
Capabilities {acceptInsecureCerts: false, browserName: chrome, browserVersion: 80.0.3987.100, chrome: {chromedriverVersion: 79.0.3945.36 (3582db32b3389..., userDataDir: C:\Users\KATERY~1.ROZ\AppDa...}, goog:chromeOptions: {debuggerAddress: localhost:54959}, javascriptEnabled: true, networkConnectionEnabled: false, pageLoadStrategy: normal, platform: WINDOWS, platformName: WINDOWS, proxy: Proxy(), setWindowRect: true, strictFileInteractability: false, timeouts: {implicit: 0, pageLoad: 300000, script: 30000}, unhandledPromptBehavior: dismiss and notify}
Session ID: 6afa921f79821a004c410d41106b6fa7
*** Element info: {Using=xpath, value=.//*[@id='Header_header']/div/header/div/div/ul/li[4]/a[1]/label/span}
	at ua.rabota.TestLogin.testCountCV(TestLogin.java:102)
]]></failure>
    <system-out><![CDATA[Test Status: Failed
 Start simple test: testCountCV
]]></system-out>
  </testcase>
  <testcase name="testCountCV" classname="ua.rabota.TestLogin" time="31.234">
    <failure message="no such element: Unable to locate element: {&quot;method&quot;:&quot;xpath&quot;,&quot;selector&quot;:&quot;.//*[@id=&apos;Header_header&apos;]/div/header/div/div/ul/li[4]/a[1]/label/span&quot;}&#10;  (Session info: chrome=80.0.3987.100)&#10;For documentation on this error, please visit: https://www.seleniumhq.org/exceptions/no_such_element.html&#10;Build info: version: &apos;3.141.59&apos;, revision: &apos;e82be7d358&apos;, time: &apos;2018-11-14T08:17:03&apos;&#10;System info: host: &apos;WS-LV-CP1379&apos;, ip: &apos;172.25.12.123&apos;, os.name: &apos;Windows 10&apos;, os.arch: &apos;amd64&apos;, os.version: &apos;10.0&apos;, java.version: &apos;13.0.2&apos;&#10;Driver info: org.openqa.selenium.chrome.ChromeDriver&#10;Capabilities {acceptInsecureCerts: false, browserName: chrome, browserVersion: 80.0.3987.100, chrome: {chromedriverVersion: 79.0.3945.36 (3582db32b3389..., userDataDir: C:\Users\KATERY~1.ROZ\AppDa...}, goog:chromeOptions: {debuggerAddress: localhost:54959}, javascriptEnabled: true, networkConnectionEnabled: false, pageLoadStrategy: normal, platform: WINDOWS, platformName: WINDOWS, proxy: Proxy(), setWindowRect: true, strictFileInteractability: false, timeouts: {implicit: 0, pageLoad: 300000, script: 30000}, unhandledPromptBehavior: dismiss and notify}&#10;Session ID: 6afa921f79821a004c410d41106b6fa7&#10;*** Element info: {Using=xpath, value=.//*[@id=&apos;Header_header&apos;]/div/header/div/div/ul/li[4]/a[1]/label/span}" type="org.openqa.selenium.NoSuchElementException"><![CDATA[org.openqa.selenium.NoSuchElementException: 
no such element: Unable to locate element: {"method":"xpath","selector":".//*[@id='Header_header']/div/header/div/div/ul/li[4]/a[1]/label/span"}
  (Session info: chrome=80.0.3987.100)
For documentation on this error, please visit: https://www.seleniumhq.org/exceptions/no_such_element.html
Build info: version: '3.141.59', revision: 'e82be7d358', time: '2018-11-14T08:17:03'
System info: host: 'WS-LV-CP1379', ip: '172.25.12.123', os.name: 'Windows 10', os.arch: 'amd64', os.version: '10.0', java.version: '13.0.2'
Driver info: org.openqa.selenium.chrome.ChromeDriver
Capabilities {acceptInsecureCerts: false, browserName: chrome, browserVersion: 80.0.3987.100, chrome: {chromedriverVersion: 79.0.3945.36 (3582db32b3389..., userDataDir: C:\Users\KATERY~1.ROZ\AppDa...}, goog:chromeOptions: {debuggerAddress: localhost:54959}, javascriptEnabled: true, networkConnectionEnabled: false, pageLoadStrategy: normal, platform: WINDOWS, platformName: WINDOWS, proxy: Proxy(), setWindowRect: true, strictFileInteractability: false, timeouts: {implicit: 0, pageLoad: 300000, script: 30000}, unhandledPromptBehavior: dismiss and notify}
Session ID: 6afa921f79821a004c410d41106b6fa7
*** Element info: {Using=xpath, value=.//*[@id='Header_header']/div/header/div/div/ul/li[4]/a[1]/label/span}
	at ua.rabota.TestLogin.testCountCV(TestLogin.java:102)
]]></failure>
    <system-out><![CDATA[Test Method had the following parameters : emailns@gmail.com,pass,Name Surname,
Test Status: Failed
 Start simple test: testCountCV
]]></system-out>
  </testcase>
  <testcase name="testCountCV" classname="ua.rabota.TestLogin" time="0">
    <skipped/>
    <system-out><![CDATA[ Start simple test: testCountCV
]]></system-out>
  </testcase>
  <testcase name="testCountCV" classname="ua.rabota.TestLogin" time="0">
    <skipped/>
    <system-out><![CDATA[ Start simple test: testCountCV
]]></system-out>
  </testcase>
  <testcase name="setUp" classname="ua.rabota.TestLogin" time="39.462">
    <failure message="newSession&#10;Build info: version: &apos;3.141.59&apos;, revision: &apos;e82be7d358&apos;, time: &apos;2018-11-14T08:17:03&apos;&#10;System info: host: &apos;WS-LV-CP1379&apos;, ip: &apos;172.25.12.123&apos;, os.name: &apos;Windows 10&apos;, os.arch: &apos;amd64&apos;, os.version: &apos;10.0&apos;, java.version: &apos;13.0.2&apos;&#10;Driver info: driver.version: FirefoxDriver&#10;remote stacktrace: stack backtrace:&#10;   0:   0x49dbf6 - &lt;no info&gt;&#10;   1:   0x435fd7 - &lt;no info&gt;&#10;   2:   0x442e70 - &lt;no info&gt;&#10;   3:   0x440e95 - &lt;no info&gt;&#10;   4:   0x41bb48 - &lt;no info&gt;&#10;   5:   0x404309 - &lt;no info&gt;&#10;   6:   0x4066b7 - &lt;no info&gt;&#10;   7:   0x687086 - &lt;no info&gt;&#10;   8:   0x413b48 - &lt;no info&gt;&#10;   9:   0x6823d1 - &lt;no info&gt;&#10;  10: 0x752f6359 - BaseThreadInitThunk&#10;  11: 0x771c7b74 - RtlGetAppContainerNamedObjectPath" type="org.openqa.selenium.WebDriverException"><![CDATA[org.openqa.selenium.WebDriverException: 
newSession
Build info: version: '3.141.59', revision: 'e82be7d358', time: '2018-11-14T08:17:03'
System info: host: 'WS-LV-CP1379', ip: '172.25.12.123', os.name: 'Windows 10', os.arch: 'amd64', os.version: '10.0', java.version: '13.0.2'
Driver info: driver.version: FirefoxDriver
remote stacktrace: stack backtrace:
   0:   0x49dbf6 - <no info>
   1:   0x435fd7 - <no info>
   2:   0x442e70 - <no info>
   3:   0x440e95 - <no info>
   4:   0x41bb48 - <no info>
   5:   0x404309 - <no info>
   6:   0x4066b7 - <no info>
   7:   0x687086 - <no info>
   8:   0x413b48 - <no info>
   9:   0x6823d1 - <no info>
  10: 0x752f6359 - BaseThreadInitThunk
  11: 0x771c7b74 - RtlGetAppContainerNamedObjectPath
	at ua.rabota.TestLogin.setUp(TestLogin.java:35)
]]></failure>
    <system-out><![CDATA[Test Method had the following parameters : emailsn@gmail.com,pass2,NameN SurnameS,
Test Status: Failed
 End Tests: Chrome test
End execute Suite: Test suite for chrome
Start execute Suite: Test suite for firefox

 Start Tests: Firefox tests
]]></system-out>
    <system-err><![CDATA[1582033309111	geckodriver	INFO	Listening on 127.0.0.1:46926
1582033309632	geckodriver::marionette	INFO	Starting browser C:\Program Files (x86)\Mozilla Firefox\firefox.exe with args ["-marionette"]
1582033312869	addons.webextension.doh-rollout@mozilla.org	WARN	Loading extension 'doh-rollout@mozilla.org': Reading manifest: Invalid extension permission: networkStatus
1582033312986	addons.webextension.screenshots@mozilla.org	WARN	Loading extension 'screenshots@mozilla.org': Reading manifest: Invalid extension permission: mozillaAddons
1582033312986	addons.webextension.screenshots@mozilla.org	WARN	Loading extension 'screenshots@mozilla.org': Reading manifest: Invalid extension permission: telemetry
1582033312987	addons.webextension.screenshots@mozilla.org	WARN	Loading extension 'screenshots@mozilla.org': Reading manifest: Invalid extension permission: resource://pdf.js/
1582033312987	addons.webextension.screenshots@mozilla.org	WARN	Loading extension 'screenshots@mozilla.org': Reading manifest: Invalid extension permission: about:reader*
1582033313089	Marionette	TRACE	Received observer notification profile-after-change
1582033313148	Marionette	TRACE	Received observer notification toplevel-window-ready
1582033313225	Marionette	TRACE	Received observer notification command-line-startup
1582033313226	Marionette	DEBUG	Init aborted (running=false, enabled=true, finalUIStartup=false)
1582033313314	Marionette	TRACE	Received observer notification toplevel-window-ready
JavaScript error: resource://gre/modules/XULStore.jsm, line 66: Error: Can't find profile directory.
1582033314872	Marionette	TRACE	Received observer notification marionette-startup-requested
1582033314872	Marionette	TRACE	Waiting until startup recorder finished recording startup scripts...
1582033314887	Marionette	TRACE	All scripts recorded.
1582033314887	Marionette	DEBUG	Setting recommended pref app.normandy.api_url to 
1582033314888	Marionette	DEBUG	Setting recommended pref app.update.disabledForTesting to true
1582033314888	Marionette	DEBUG	Setting recommended pref browser.contentblocking.introCount to 99
1582033314888	Marionette	DEBUG	Setting recommended pref browser.safebrowsing.passwords.enabled to false
1582033314888	Marionette	DEBUG	Setting recommended pref browser.tabs.remote.separatePrivilegedContentProcess to false
1582033314888	Marionette	DEBUG	Setting recommended pref browser.tabs.unloadOnLowMemory to false
1582033314889	Marionette	DEBUG	Setting recommended pref browser.urlbar.suggest.searches to false
1582033314891	Marionette	DEBUG	Setting recommended pref datareporting.policy.dataSubmissionPolicyAccepted to false
1582033314891	Marionette	DEBUG	Setting recommended pref dom.disable_beforeunload to true
1582033314891	Marionette	DEBUG	Setting recommended pref dom.file.createInChild to true
1582033314891	Marionette	DEBUG	Setting recommended pref dom.push.connection.enabled to false
1582033314892	Marionette	DEBUG	Setting recommended pref privacy.trackingprotection.enabled to false
1582033314892	Marionette	DEBUG	Setting recommended pref security.certerrors.mitm.priming.enabled to false
1582033314892	Marionette	DEBUG	Setting recommended pref toolkit.cosmeticAnimations.enabled to false
1582033314944	Marionette	INFO	Listening on port 55132
1582033314945	Marionette	DEBUG	Marionette is listening
1582033315762	Marionette	DEBUG	Accepted connection 0 from 127.0.0.1:55158
1582033315763	Marionette	DEBUG	0 -> [0,1,"newSession",{"acceptInsecureCerts":true,"browserName":"firefox","capabilities":{"desiredCapabilities":{"acceptInsecureCerts":true,"browserName":"firefox"}}}]
1582033315764	Marionette	DEBUG	0 <- [1,1,{"error":"unknown command","message":"newSession","stacktrace":"WebDriverError@chrome://marionette/content/error.js:175: ... t@chrome://marionette/content/server.js:249:9\n_onJSONObjectReady/<@chrome://marionette/content/transport.js:501:20\n"},null]
лют. 18, 2020 3:41:55 ПП org.openqa.selenium.remote.ErrorCodes toStatus
INFO: HTTP Status: '404' -> incorrect JSON status mapping for 'unknown error' (500 expected)
]]></system-err>
  </testcase>
  <testcase name="takeScreenshot" classname="ua.rabota.TestLogin" time="0.001">
    <failure type="java.lang.NullPointerException"><![CDATA[java.lang.NullPointerException
	at ua.rabota.TestLogin.takeScreenshot(TestLogin.java:127)
]]></failure>
    <system-out><![CDATA[Test Status: Skipped
]]></system-out>
  </testcase>
  <testcase name="takeScreenshot" classname="ua.rabota.TestLogin" time="0.004">
    <failure type="java.lang.NullPointerException"><![CDATA[java.lang.NullPointerException
	at ua.rabota.TestLogin.takeScreenshot(TestLogin.java:127)
]]></failure>
    <system-out><![CDATA[Test Status: Skipped
]]></system-out>
  </testcase>
  <testcase name="takeScreenshot" classname="ua.rabota.TestLogin" time="0.002">
    <failure type="java.lang.NullPointerException"><![CDATA[java.lang.NullPointerException
	at ua.rabota.TestLogin.takeScreenshot(TestLogin.java:127)
]]></failure>
    <system-out><![CDATA[Test Status: Skipped
]]></system-out>
  </testcase>
  <testcase name="takeScreenshot" classname="ua.rabota.TestLogin" time="0.002">
    <failure type="java.lang.NullPointerException"><![CDATA[java.lang.NullPointerException
	at ua.rabota.TestLogin.takeScreenshot(TestLogin.java:127)
]]></failure>
    <system-out><![CDATA[Test Status: Skipped
]]></system-out>
  </testcase>
  <testcase name="takeScreenshot" classname="ua.rabota.TestLogin" time="0.001">
    <failure type="java.lang.NullPointerException"><![CDATA[java.lang.NullPointerException
	at ua.rabota.TestLogin.takeScreenshot(TestLogin.java:127)
]]></failure>
    <system-out><![CDATA[Test Status: Skipped
]]></system-out>
  </testcase>
  <testcase name="takeScreenshot" classname="ua.rabota.TestLogin" time="0.002">
    <failure type="java.lang.NullPointerException"><![CDATA[java.lang.NullPointerException
	at ua.rabota.TestLogin.takeScreenshot(TestLogin.java:127)
]]></failure>
    <system-out><![CDATA[Test Status: Skipped
]]></system-out>
  </testcase>
  <testcase name="takeScreenshot" classname="ua.rabota.TestLogin" time="0.001">
    <failure type="java.lang.NullPointerException"><![CDATA[java.lang.NullPointerException
	at ua.rabota.TestLogin.takeScreenshot(TestLogin.java:127)
]]></failure>
    <system-out><![CDATA[Test Status: Skipped
]]></system-out>
  </testcase>
  <testcase name="tearDown" classname="ua.rabota.TestLogin" time="0.002">
    <failure type="java.lang.NullPointerException"><![CDATA[java.lang.NullPointerException
	at ua.rabota.TestLogin.tearDown(TestLogin.java:144)
]]></failure>
  </testcase>
</testsuite>